Log file open, 03/10/23 13:00:07
LogWindows: Failed to load 'aqProf.dll' (GetLastError=126)
LogWindows: File 'aqProf.dll' does not exist
LogWindows: Failed to load 'VtuneApi.dll' (GetLastError=126)
LogWindows: File 'VtuneApi.dll' does not exist
LogWindows: Failed to load 'VtuneApi32e.dll' (GetLastError=126)
LogWindows: File 'VtuneApi32e.dll' does not exist
LogConsoleResponse: Display: Failed to find resolution value strings in scalability ini. Falling back to default.
LogInit: Display: Running engine for game: firstpersongame
LogPlatformFile: Not using cached read wrapper
LogTaskGraph: Started task graph with 5 named threads and 11 total threads with 3 sets of task threads.
LogStats: Stats thread started at 0.161631
LogD3D11RHI: Loaded GFSDK_Aftermath_Lib.x64.dll
LogICUInternationalization: ICU TimeZone Detection - Raw Offset: -3:00, Platform Override: ''
LogPluginManager: Mounting plugin Paper2D
LogPluginManager: Mounting plugin AISupport
LogPluginManager: Mounting plugin LightPropagationVolume
LogPluginManager: Mounting plugin ActorLayerUtilities
LogPluginManager: Mounting plugin AnimationSharing
LogPluginManager: Mounting plugin CLionSourceCodeAccess
LogPluginManager: Mounting plugin CodeLiteSourceCodeAccess
LogPluginManager: Mounting plugin GitSourceControl
LogPluginManager: Mounting plugin KDevelopSourceCodeAccess
LogPluginManager: Mounting plugin NullSourceCodeAccess
LogPluginManager: Mounting plugin PerforceSourceControl
LogPluginManager: Mounting plugin PlasticSourceControl
LogPluginManager: Mounting plugin SubversionSourceControl
LogPluginManager: Mounting plugin UObjectPlugin
LogPluginManager: Mounting plugin VisualStudioCodeSourceCodeAccess
LogPluginManager: Mounting plugin VisualStudioSourceCodeAccess
LogPluginManager: Mounting plugin XCodeSourceCodeAccess
LogPluginManager: Mounting plugin AssetManagerEditor
LogPluginManager: Mounting plugin CryptoKeys
LogPluginManager: Mounting plugin CurveEditorTools
LogPluginManager: Mounting plugin DataValidation
LogPluginManager: Mounting plugin FacialAnimation
LogPluginManager: Mounting plugin GameplayTagsEditor
LogPluginManager: Mounting plugin MacGraphicsSwitching
LogPluginManager: Mounting plugin MaterialAnalyzer
LogPluginManager: Mounting plugin MobileLauncherProfileWizard
LogPluginManager: Mounting plugin PluginBrowser
LogPluginManager: Mounting plugin SpeedTreeImporter
LogPluginManager: Mounting plugin DatasmithContent
LogPluginManager: Mounting plugin VariantManagerContent
LogPluginManager: Mounting plugin AlembicImporter
LogPluginManager: Mounting plugin AutomationUtils
LogPluginManager: Mounting plugin BackChannel
LogPluginManager: Mounting plugin CharacterAI
LogPluginManager: Mounting plugin GeometryCache
LogPluginManager: Mounting plugin PlatformCrypto
LogPluginManager: Mounting plugin ProxyLODPlugin
LogPluginManager: Mounting plugin SkeletalReduction
LogPluginManager: Mounting plugin MagicLeap
LogPluginManager: Mounting plugin MagicLeapMedia
LogPluginManager: Mounting plugin MLSDK
LogPluginManager: Mounting plugin AndroidMedia
LogPluginManager: Mounting plugin AvfMedia
LogPluginManager: Mounting plugin ImgMedia
LogPluginManager: Mounting plugin MediaCompositing
LogPluginManager: Mounting plugin MediaPlayerEditor
LogPluginManager: Mounting plugin WebMMedia
LogPluginManager: Mounting plugin WmfMedia
LogPluginManager: Mounting plugin TcpMessaging
LogPluginManager: Mounting plugin UdpMessaging
LogPluginManager: Mounting plugin ActorSequence
LogPluginManager: Mounting plugin LevelSequenceEditor
LogPluginManager: Mounting plugin MatineeToLevelSequence
LogPluginManager: Mounting plugin NetcodeUnitTest
LogPluginManager: Mounting plugin NUTUnrealEngine4
LogPluginManager: Mounting plugin OnlineSubsystemGooglePlay
LogPluginManager: Mounting plugin OnlineSubsystemIOS
LogPluginManager: Mounting plugin OnlineSubsystem
LogPluginManager: Mounting plugin OnlineSubsystemNull
LogPluginManager: Mounting plugin OnlineSubsystemUtils
LogPluginManager: Mounting plugin LauncherChunkInstaller
LogPluginManager: Mounting plugin AndroidDeviceProfileSelector
LogPluginManager: Mounting plugin AndroidMoviePlayer
LogPluginManager: Mounting plugin AndroidPermission
LogPluginManager: Mounting plugin AppleImageUtils
LogPluginManager: Mounting plugin AppleMoviePlayer
LogPluginManager: Mounting plugin ArchVisCharacter
LogPluginManager: Mounting plugin AssetTags
LogPluginManager: Mounting plugin AudioCapture
LogPluginManager: Mounting plugin CableComponent
LogPluginManager: Mounting plugin CustomMeshComponent
LogPluginManager: Mounting plugin EditableMesh
LogPluginManager: Mounting plugin ExampleDeviceProfileSelector
LogPluginManager: Mounting plugin GoogleCloudMessaging
LogPluginManager: Mounting plugin IOSDeviceProfileSelector
LogPluginManager: Mounting plugin LinuxDeviceProfileSelector
LogPluginManager: Mounting plugin LocationServicesBPLibrary
LogPluginManager: Mounting plugin MobilePatchingUtils
LogPluginManager: Mounting plugin OculusVR
LogPluginManager: Mounting plugin PhysXVehicles
LogPluginManager: Mounting plugin PostSplashScreen
LogPluginManager: Mounting plugin ProceduralMeshComponent
LogPluginManager: Mounting plugin RuntimePhysXCooking
LogPluginManager: Mounting plugin SignificanceManager
LogPluginManager: Mounting plugin SteamVR
LogPluginManager: Mounting plugin WebMMoviePlayer
LogPluginManager: Mounting plugin WindowsMoviePlayer
LogPluginManager: Mounting plugin ScreenshotTools
LogInit: Using libcurl 7.55.1-DEV
LogInit:  - built for x86_64-pc-win32
LogInit:  - supports SSL with OpenSSL/1.1.1
LogInit:  - supports HTTP deflate (compression) using libz 1.2.8
LogInit:  - other features:
LogInit:      CURL_VERSION_SSL
LogInit:      CURL_VERSION_LIBZ
LogInit:      CURL_VERSION_IPV6
LogInit:      CURL_VERSION_ASYNCHDNS
LogInit:      CURL_VERSION_LARGEFILE
LogInit:      CURL_VERSION_IDN
LogInit:  CurlRequestOptions (configurable via config and command line):
LogInit:  - bVerifyPeer = true  - Libcurl will verify peer certificate
LogInit:  - bUseHttpProxy = false  - Libcurl will NOT use HTTP proxy
LogInit:  - bDontReuseConnections = false  - Libcurl will reuse connections
LogInit:  - MaxHostConnections = 16  - Libcurl will limit the number of connections to a host
LogInit:  - LocalHostAddr = Default
LogInit:  - BufferSize = 65536
LogOnline: OSS: Creating online subsystem instance for: NULL
LogInit: WinSock: version 1.1 (2.2), MaxSocks=32767, MaxUdp=65467
LogOnline: OSS: TryLoadSubsystemAndSetDefault: Loaded subsystem for module [NULL]
LogInit: Build: ++UE4+Release-4.24-CL-11590370
LogInit: Engine Version: 4.24.3-11590370+++UE4+Release-4.24
LogInit: Compatible Engine Version: 4.24.0-10570792+++UE4+Release-4.24
LogInit: Net CL: 10570792
LogInit: OS: Windows 10 (Release 2009) (), CPU: Intel(R) Core(TM) i7-7500U CPU @ 2.70GHz, GPU: Intel(R) HD Graphics 620
LogInit: Compiled (64-bit): Feb 24 2020 15:39:18
LogInit: Compiled with Visual C++: 19.16.27032.01
LogInit: Build Configuration: Development
LogInit: Branch Name: ++UE4+Release-4.24
LogInit: Command Line:  /Game/FirstPersonBP/Maps/Zero -game -PIEVIACONSOLE -ResX=1280 -ResY=720 -Multiprocess -messaging -SessionName="Play in Standalone Game" -windowed
LogInit: Base Directory: C:/Program Files/Epic Games/UE_4.24/Engine/Binaries/Win64/
LogInit: Installed Engine Build: 1
LogDevObjectVersion: Number of dev versions registered: 25
LogDevObjectVersion:   Dev-Blueprints (B0D832E4-1F89-4F0D-ACCF-7EB736FD4AA2): 10
LogDevObjectVersion:   Dev-Build (E1C64328-A22C-4D53-A36C-8E866417BD8C): 0
LogDevObjectVersion:   Dev-Core (375EC13C-06E4-48FB-B500-84F0262A717E): 3
LogDevObjectVersion:   Dev-Editor (E4B068ED-F494-42E9-A231-DA0B2E46BB41): 37
LogDevObjectVersion:   Dev-Framework (CFFC743F-43B0-4480-9391-14DF171D2073): 36
LogDevObjectVersion:   Dev-Mobile (B02B49B5-BB20-44E9-A304-32B752E40360): 2
LogDevObjectVersion:   Dev-Networking (A4E4105C-59A1-49B5-A7C5-40C4547EDFEE): 0
LogDevObjectVersion:   Dev-Online (39C831C9-5AE6-47DC-9A44-9C173E1C8E7C): 0
LogDevObjectVersion:   Dev-Physics (78F01B33-EBEA-4F98-B9B4-84EACCB95AA2): 2
LogDevObjectVersion:   Dev-Platform (6631380F-2D4D-43E0-8009-CF276956A95A): 0
LogDevObjectVersion:   Dev-Rendering (12F88B9F-8875-4AFC-A67C-D90C383ABD29): 36
LogDevObjectVersion:   Dev-Sequencer (7B5AE74C-D270-4C10-A958-57980B212A5A): 11
LogDevObjectVersion:   Dev-VR (D7296918-1DD6-4BDD-9DE2-64A83CC13884): 2
LogDevObjectVersion:   Dev-LoadTimes (C2A15278-BFE7-4AFE-6C17-90FF531DF755): 1
LogDevObjectVersion:   Private-Geometry (6EACA3D4-40EC-4CC1-B786-8BED09428FC5): 3
LogDevObjectVersion:   Dev-AnimPhys (29E575DD-E0A3-4627-9D10-D276232CDCEA): 17
LogDevObjectVersion:   Dev-Anim (AF43A65D-7FD3-4947-9873-3E8ED9C1BB05): 2
LogDevObjectVersion:   Dev-ReflectionCapture (6B266CEC-1EC7-4B8F-A30B-E4D90942FC07): 1
LogDevObjectVersion:   Dev-Automation (0DF73D61-A23F-47EA-B727-89E90C41499A): 1
LogDevObjectVersion:   FortniteMain (601D1886-AC64-4F84-AA16-D3DE0DEAC7D6): 31
LogDevObjectVersion:   Dev-Enterprise (9DFFBCD6-494F-0158-E221-12823C92A888): 8
LogDevObjectVersion:   Dev-Niagara (F2AED0AC-9AFE-416F-8664-AA7FFA26D6FC): 1
LogDevObjectVersion:   Dev-Destruction (174F1F0B-B4C6-45A5-B13F-2EE8D0FB917D): 9
LogDevObjectVersion:   Dev-Physics-Ext (35F94A83-E258-406C-A318-09F59610247C): 8
LogDevObjectVersion:   Dev-CineCamera (B2E18506-4273-CFC2-A54E-F4BB758BBA07): 1
LogInit: Presizing for max 25165824 objects, including 0 objects not considered by GC, pre-allocating 0 bytes for permanent pool.
LogInit: Object subsystem initialized
LogConfig: Setting CVar [[con.DebugEarlyDefault:1]]
LogConfig: Setting CVar [[r.setres:1280x720]]
[2023.03.10-16.00.07:977][  0]LogConfig: Setting CVar [[con.DebugEarlyDefault:1]]
[2023.03.10-16.00.07:977][  0]LogConfig: Setting CVar [[r.setres:1280x720]]
[2023.03.10-16.00.07:977][  0]LogConfig: Applying CVar settings from Section [/Script/Engine.RendererSettings] File [C:/Users/lex_i/OneDrive/Desktop/GAMERS/UR4blueprintsUDEMY/FirstpersonGame/firstpersongame/Saved/Config/Windows/Engine.ini]
[2023.03.10-16.00.07:977][  0]LogConfig: Setting CVar [[r.GPUCrashDebugging:0]]
[2023.03.10-16.00.07:977][  0]LogConfig: Applying CVar settings from Section [/Script/Engine.RendererOverrideSettings] File [C:/Users/lex_i/OneDrive/Desktop/GAMERS/UR4blueprintsUDEMY/FirstpersonGame/firstpersongame/Saved/Config/Windows/Engine.ini]
[2023.03.10-16.00.07:977][  0]LogConfig: Applying CVar settings from Section [/Script/Engine.StreamingSettings] File [C:/Users/lex_i/OneDrive/Desktop/GAMERS/UR4blueprintsUDEMY/FirstpersonGame/firstpersongame/Saved/Config/Windows/Engine.ini]
[2023.03.10-16.00.07:977][  0]LogConfig: Setting CVar [[s.MinBulkDataSizeForAsyncLoading:131072]]
[2023.03.10-16.00.07:977][  0]LogConfig: Setting CVar [[s.AsyncLoadingThreadEnabled:0]]
[2023.03.10-16.00.07:977][  0]LogConfig: Setting CVar [[s.EventDrivenLoaderEnabled:1]]
[2023.03.10-16.00.07:977][  0]LogConfig: Setting CVar [[s.WarnIfTimeLimitExceeded:0]]
[2023.03.10-16.00.07:977][  0]LogConfig: Setting CVar [[s.TimeLimitExceededMultiplier:1.5]]
[2023.03.10-16.00.07:977][  0]LogConfig: Setting CVar [[s.TimeLimitExceededMinTime:0.005]]
[2023.03.10-16.00.07:977][  0]LogConfig: Setting CVar [[s.UseBackgroundLevelStreaming:1]]
[2023.03.10-16.00.07:977][  0]LogConfig: Setting CVar [[s.PriorityAsyncLoadingExtraTime:15.0]]
[2023.03.10-16.00.07:977][  0]LogConfig: Setting CVar [[s.LevelStreamingActorsUpdateTimeLimit:5.0]]
[2023.03.10-16.00.07:977][  0]LogConfig: Setting CVar [[s.PriorityLevelStreamingActorsUpdateExtraTime:5.0]]
[2023.03.10-16.00.07:977][  0]LogConfig: Setting CVar [[s.LevelStreamingComponentsRegistrationGranularity:10]]
[2023.03.10-16.00.07:977][  0]LogConfig: Setting CVar [[s.UnregisterComponentsTimeLimit:1.0]]
[2023.03.10-16.00.07:977][  0]LogConfig: Setting CVar [[s.LevelStreamingComponentsUnregistrationGranularity:5]]
[2023.03.10-16.00.07:977][  0]LogConfig: Setting CVar [[s.FlushStreamingOnExit:1]]
[2023.03.10-16.00.07:977][  0]LogConfig: Applying CVar settings from Section [/Script/Engine.GarbageCollectionSettings] File [C:/Users/lex_i/OneDrive/Desktop/GAMERS/UR4blueprintsUDEMY/FirstpersonGame/firstpersongame/Saved/Config/Windows/Engine.ini]
[2023.03.10-16.00.07:977][  0]LogConfig: Setting CVar [[gc.MaxObjectsNotConsideredByGC:1]]
[2023.03.10-16.00.07:977][  0]LogConfig: Setting CVar [[gc.SizeOfPermanentObjectPool:0]]
[2023.03.10-16.00.07:977][  0]LogConfig: Setting CVar [[gc.FlushStreamingOnGC:0]]
[2023.03.10-16.00.07:977][  0]LogConfig: Setting CVar [[gc.NumRetriesBeforeForcingGC:10]]
[2023.03.10-16.00.07:977][  0]LogConfig: Setting CVar [[gc.AllowParallelGC:1]]
[2023.03.10-16.00.07:977][  0]LogConfig: Setting CVar [[gc.TimeBetweenPurgingPendingKillObjects:61.1]]
[2023.03.10-16.00.07:977][  0]LogConfig: Setting CVar [[gc.MaxObjectsInEditor:25165824]]
[2023.03.10-16.00.07:977][  0]LogConfig: Setting CVar [[gc.IncrementalBeginDestroyEnabled:1]]
[2023.03.10-16.00.07:977][  0]LogConfig: Setting CVar [[gc.CreateGCClusters:1]]
[2023.03.10-16.00.07:977][  0]LogConfig: Setting CVar [[gc.MinGCClusterSize:5]]
[2023.03.10-16.00.07:977][  0]LogConfig: Setting CVar [[gc.ActorClusteringEnabled:0]]
[2023.03.10-16.00.07:977][  0]LogConfig: Setting CVar [[gc.BlueprintClusteringEnabled:0]]
[2023.03.10-16.00.07:978][  0]LogConfig: Setting CVar [[gc.UseDisregardForGCOnDedicatedServers:0]]
[2023.03.10-16.00.07:978][  0]LogConfig: Applying CVar settings from Section [/Script/Engine.NetworkSettings] File [C:/Users/lex_i/OneDrive/Desktop/GAMERS/UR4blueprintsUDEMY/FirstpersonGame/firstpersongame/Saved/Config/Windows/Engine.ini]
[2023.03.10-16.00.07:978][  0]LogConfig: Applying CVar settings from Section [/Script/UnrealEd.CookerSettings] File [C:/Users/lex_i/OneDrive/Desktop/GAMERS/UR4blueprintsUDEMY/FirstpersonGame/firstpersongame/Saved/Config/Windows/Engine.ini]
[2023.03.10-16.00.07:986][  0]LogConfig: Applying CVar settings from Section [ViewDistanceQuality@3] File [C:/Users/lex_i/OneDrive/Desktop/GAMERS/UR4blueprintsUDEMY/FirstpersonGame/firstpersongame/Saved/Config/Windows/Scalability.ini]
[2023.03.10-16.00.07:987][  0]LogConfig: Setting CVar [[r.SkeletalMeshLODBias:0]]
[2023.03.10-16.00.07:987][  0]LogConfig: Setting CVar [[r.ViewDistanceScale:1.0]]
[2023.03.10-16.00.07:987][  0]LogConfig: Applying CVar settings from Section [AntiAliasingQuality@3] File [C:/Users/lex_i/OneDrive/Desktop/GAMERS/UR4blueprintsUDEMY/FirstpersonGame/firstpersongame/Saved/Config/Windows/Scalability.ini]
[2023.03.10-16.00.07:987][  0]LogConfig: Setting CVar [[r.PostProcessAAQuality:4]]
[2023.03.10-16.00.07:987][  0]LogConfig: Applying CVar settings from Section [ShadowQuality@3] File [C:/Users/lex_i/OneDrive/Desktop/GAMERS/UR4blueprintsUDEMY/FirstpersonGame/firstpersongame/Saved/Config/Windows/Scalability.ini]
[2023.03.10-16.00.07:987][  0]LogConfig: Setting CVar [[r.LightFunctionQuality:1]]
[2023.03.10-16.00.07:987][  0]LogConfig: Setting CVar [[r.ShadowQuality:5]]
[2023.03.10-16.00.07:987][  0]LogConfig: Setting CVar [[r.Shadow.CSM.MaxCascades:10]]
[2023.03.10-16.00.07:987][  0]LogConfig: Setting CVar [[r.Shadow.MaxResolution:2048]]
[2023.03.10-16.00.07:987][  0]LogConfig: Setting CVar [[r.Shadow.MaxCSMResolution:2048]]
[2023.03.10-16.00.07:987][  0]LogConfig: Setting CVar [[r.Shadow.RadiusThreshold:0.01]]
[2023.03.10-16.00.07:987][  0]LogConfig: Setting CVar [[r.Shadow.DistanceScale:1.0]]
[2023.03.10-16.00.07:987][  0]LogConfig: Setting CVar [[r.Shadow.CSM.TransitionScale:1.0]]
[2023.03.10-16.00.07:988][  0]LogConfig: Setting CVar [[r.Shadow.PreShadowResolutionFactor:1.0]]
[2023.03.10-16.00.07:988][  0]LogConfig: Setting CVar [[r.DistanceFieldShadowing:1]]
[2023.03.10-16.00.07:988][  0]LogConfig: Setting CVar [[r.DistanceFieldAO:1]]
[2023.03.10-16.00.07:988][  0]LogConfig: Setting CVar [[r.AOQuality:2]]
[2023.03.10-16.00.07:988][  0]LogConfig: Setting CVar [[r.VolumetricFog:1]]
[2023.03.10-16.00.07:988][  0]LogConfig: Setting CVar [[r.VolumetricFog.GridPixelSize:8]]
[2023.03.10-16.00.07:988][  0]LogConfig: Setting CVar [[r.VolumetricFog.GridSizeZ:128]]
[2023.03.10-16.00.07:988][  0]LogConfig: Setting CVar [[r.VolumetricFog.HistoryMissSupersampleCount:4]]
[2023.03.10-16.00.07:988][  0]LogConfig: Setting CVar [[r.LightMaxDrawDistanceScale:1]]
[2023.03.10-16.00.07:988][  0]LogConfig: Setting CVar [[r.CapsuleShadows:1]]
[2023.03.10-16.00.07:988][  0]LogConfig: Applying CVar settings from Section [PostProcessQuality@3] File [C:/Users/lex_i/OneDrive/Desktop/GAMERS/UR4blueprintsUDEMY/FirstpersonGame/firstpersongame/Saved/Config/Windows/Scalability.ini]
[2023.03.10-16.00.07:988][  0]LogConfig: Setting CVar [[r.MotionBlurQuality:4]]
[2023.03.10-16.00.07:988][  0]LogConfig: Setting CVar [[r.AmbientOcclusionMipLevelFactor:0.4]]
[2023.03.10-16.00.07:989][  0]LogConfig: Setting CVar [[r.AmbientOcclusionMaxQuality:100]]
[2023.03.10-16.00.07:989][  0]LogConfig: Setting CVar [[r.AmbientOcclusionLevels:-1]]
[2023.03.10-16.00.07:989][  0]LogConfig: Setting CVar [[r.AmbientOcclusionRadiusScale:1.0]]
[2023.03.10-16.00.07:989][  0]LogConfig: Setting CVar [[r.DepthOfFieldQuality:2]]
[2023.03.10-16.00.07:989][  0]LogConfig: Setting CVar [[r.RenderTargetPoolMin:400]]
[2023.03.10-16.00.07:989][  0]LogConfig: Setting CVar [[r.LensFlareQuality:2]]
[2023.03.10-16.00.07:989][  0]LogConfig: Setting CVar [[r.SceneColorFringeQuality:1]]
[2023.03.10-16.00.07:989][  0]LogConfig: Setting CVar [[r.EyeAdaptationQuality:2]]
[2023.03.10-16.00.07:989][  0]LogConfig: Setting CVar [[r.BloomQuality:5]]
[2023.03.10-16.00.07:989][  0]LogConfig: Setting CVar [[r.FastBlurThreshold:100]]
[2023.03.10-16.00.07:990][  0]LogConfig: Setting CVar [[r.Upscale.Quality:3]]
[2023.03.10-16.00.07:990][  0]LogConfig: Setting CVar [[r.Tonemapper.GrainQuantization:1]]
[2023.03.10-16.00.07:990][  0]LogConfig: Setting CVar [[r.LightShaftQuality:1]]
[2023.03.10-16.00.07:990][  0]LogConfig: Setting CVar [[r.Filter.SizeScale:1]]
[2023.03.10-16.00.07:990][  0]LogConfig: Setting CVar [[r.Tonemapper.Quality:5]]
[2023.03.10-16.00.07:990][  0]LogConfig: Setting CVar [[r.DOF.Gather.AccumulatorQuality:1        ; higher gathering accumulator quality]]
[2023.03.10-16.00.07:990][  0]LogConfig: Setting CVar [[r.DOF.Gather.PostfilterMethod:1          ; Median3x3 postfilering method]]
[2023.03.10-16.00.07:990][  0]LogConfig: Setting CVar [[r.DOF.Gather.EnableBokehSettings:0       ; no bokeh simulation when gathering]]
[2023.03.10-16.00.07:990][  0]LogConfig: Setting CVar [[r.DOF.Gather.RingCount:4                 ; medium number of samples when gathering]]
[2023.03.10-16.00.07:991][  0]LogConfig: Setting CVar [[r.DOF.Scatter.ForegroundCompositing:1    ; additive foreground scattering]]
[2023.03.10-16.00.07:991][  0]LogConfig: Setting CVar [[r.DOF.Scatter.BackgroundCompositing:2    ; additive background scattering]]
[2023.03.10-16.00.07:991][  0]LogConfig: Setting CVar [[r.DOF.Scatter.EnableBokehSettings:1      ; bokeh simulation when scattering]]
[2023.03.10-16.00.07:991][  0]LogConfig: Setting CVar [[r.DOF.Scatter.MaxSpriteRatio:0.1         ; only a maximum of 10% of scattered bokeh]]
[2023.03.10-16.00.07:991][  0]LogConfig: Setting CVar [[r.DOF.Recombine.Quality:1                ; cheap slight out of focus]]
[2023.03.10-16.00.07:991][  0]LogConfig: Setting CVar [[r.DOF.Recombine.EnableBokehSettings:0    ; no bokeh simulation on slight out of focus]]
[2023.03.10-16.00.07:991][  0]LogConfig: Setting CVar [[r.DOF.TemporalAAQuality:1                ; more stable temporal accumulation]]
[2023.03.10-16.00.07:991][  0]LogConfig: Setting CVar [[r.DOF.Kernel.MaxForegroundRadius:0.025]]
[2023.03.10-16.00.07:991][  0]LogConfig: Setting CVar [[r.DOF.Kernel.MaxBackgroundRadius:0.025]]
[2023.03.10-16.00.07:991][  0]LogConfig: Applying CVar settings from Section [TextureQuality@3] File [C:/Users/lex_i/OneDrive/Desktop/GAMERS/UR4blueprintsUDEMY/FirstpersonGame/firstpersongame/Saved/Config/Windows/Scalability.ini]
[2023.03.10-16.00.07:991][  0]LogConfig: Setting CVar [[r.Streaming.MipBias:0]]
[2023.03.10-16.00.07:991][  0]LogConfig: Setting CVar [[r.Streaming.AmortizeCPUToGPUCopy:0]]
[2023.03.10-16.00.07:991][  0]LogConfig: Setting CVar [[r.Streaming.MaxNumTexturesToStreamPerFrame:0]]
[2023.03.10-16.00.07:991][  0]LogConfig: Setting CVar [[r.Streaming.Boost:1]]
[2023.03.10-16.00.07:991][  0]LogConfig: Setting CVar [[r.MaxAnisotropy:8]]
[2023.03.10-16.00.07:991][  0]LogConfig: Setting CVar [[r.VT.MaxAnisotropy:8]]
[2023.03.10-16.00.07:991][  0]LogConfig: Setting CVar [[r.Streaming.LimitPoolSizeToVRAM:0]]
[2023.03.10-16.00.07:991][  0]LogConfig: Setting CVar [[r.Streaming.PoolSize:1000]]
[2023.03.10-16.00.07:991][  0]LogConfig: Setting CVar [[r.Streaming.MaxEffectiveScreenSize:0]]
[2023.03.10-16.00.07:992][  0]LogConfig: Applying CVar settings from Section [EffectsQuality@3] File [C:/Users/lex_i/OneDrive/Desktop/GAMERS/UR4blueprintsUDEMY/FirstpersonGame/firstpersongame/Saved/Config/Windows/Scalability.ini]
[2023.03.10-16.00.07:992][  0]LogConfig: Setting CVar [[r.TranslucencyLightingVolumeDim:64]]
[2023.03.10-16.00.07:992][  0]LogConfig: Setting CVar [[r.RefractionQuality:2]]
[2023.03.10-16.00.07:992][  0]LogConfig: Setting CVar [[r.SSR.Quality:3]]
[2023.03.10-16.00.07:992][  0]LogConfig: Setting CVar [[r.SSR.HalfResSceneColor:0]]
[2023.03.10-16.00.07:992][  0]LogConfig: Setting CVar [[r.SceneColorFormat:4]]
[2023.03.10-16.00.07:992][  0]LogConfig: Setting CVar [[r.DetailMode:2]]
[2023.03.10-16.00.07:992][  0]LogConfig: Setting CVar [[r.TranslucencyVolumeBlur:1]]
[2023.03.10-16.00.07:992][  0]LogConfig: Setting CVar [[r.MaterialQualityLevel:1 ; High quality]]
[2023.03.10-16.00.07:992][  0]LogConfig: Setting CVar [[r.SSS.Scale:1]]
[2023.03.10-16.00.07:992][  0]LogConfig: Setting CVar [[r.SSS.SampleSet:2]]
[2023.03.10-16.00.07:992][  0]LogConfig: Setting CVar [[r.SSS.Quality:1]]
[2023.03.10-16.00.07:992][  0]LogConfig: Setting CVar [[r.SSS.HalfRes:1]]
[2023.03.10-16.00.07:992][  0]LogConfig: Setting CVar [[r.SSGI.Quality:3]]
[2023.03.10-16.00.07:992][  0]LogConfig: Setting CVar [[r.EmitterSpawnRateScale:1.0]]
[2023.03.10-16.00.07:992][  0]LogConfig: Setting CVar [[r.ParticleLightQuality:2]]
[2023.03.10-16.00.07:992][  0]LogConfig: Setting CVar [[r.SkyAtmosphere.AerialPerspectiveLUT.FastApplyOnOpaque:1 ; Always have FastSkyLUT 1 in this case to avoid wrong sky]]
[2023.03.10-16.00.07:992][  0]LogConfig: Setting CVar [[r.SkyAtmosphere.AerialPerspectiveLUT.SampleCountPerSlice:1]]
[2023.03.10-16.00.07:992][  0]LogConfig: Setting CVar [[r.SkyAtmosphere.AerialPerspectiveLUT.DepthResolution:16.0]]
[2023.03.10-16.00.07:992][  0]LogConfig: Setting CVar [[r.SkyAtmosphere.FastSkyLUT:1]]
[2023.03.10-16.00.07:992][  0]LogConfig: Setting CVar [[r.SkyAtmosphere.FastSkyLUT.SampleCountMin:4.0]]
[2023.03.10-16.00.07:992][  0]LogConfig: Setting CVar [[r.SkyAtmosphere.FastSkyLUT.SampleCountMax:32.0]]
[2023.03.10-16.00.07:992][  0]LogConfig: Setting CVar [[r.SkyAtmosphere.SampleCountMin:4.0]]
[2023.03.10-16.00.07:992][  0]LogConfig: Setting CVar [[r.SkyAtmosphere.SampleCountMax:32.0]]
[2023.03.10-16.00.07:992][  0]LogConfig: Setting CVar [[r.SkyAtmosphere.TransmittanceLUT.UseSmallFormat:0]]
[2023.03.10-16.00.07:992][  0]LogConfig: Setting CVar [[r.SkyAtmosphere.TransmittanceLUT.SampleCount:10.0]]
[2023.03.10-16.00.07:992][  0]LogConfig: Setting CVar [[r.SkyAtmosphere.MultiScatteringLUT.SampleCount:15.0]]
[2023.03.10-16.00.07:992][  0]LogConfig: Applying CVar settings from Section [FoliageQuality@3] File [C:/Users/lex_i/OneDrive/Desktop/GAMERS/UR4blueprintsUDEMY/FirstpersonGame/firstpersongame/Saved/Config/Windows/Scalability.ini]
[2023.03.10-16.00.07:992][  0]LogConfig: Setting CVar [[foliage.DensityScale:1.0]]
[2023.03.10-16.00.07:992][  0]LogConfig: Setting CVar [[grass.DensityScale:1.0]]
[2023.03.10-16.00.07:992][  0]LogConfig: Applying CVar settings from Section [ShadingQuality@3] File [C:/Users/lex_i/OneDrive/Desktop/GAMERS/UR4blueprintsUDEMY/FirstpersonGame/firstpersongame/Saved/Config/Windows/Scalability.ini]
[2023.03.10-16.00.07:992][  0]LogConfig: Setting CVar [[r.HairStrands.SkyLighting.SampleCount:16]]
[2023.03.10-16.00.07:992][  0]LogConfig: Setting CVar [[r.HairStrands.SkyLighting.JitterIntegration:0]]
[2023.03.10-16.00.07:993][  0]LogConfig: Setting CVar [[r.HairStrands.SkyAO.SampleCount:16]]
[2023.03.10-16.00.07:993][  0]LogInit: Selected Device Profile: [Windows]
[2023.03.10-16.00.07:993][  0]LogInit: Applying CVar settings loaded from the selected device profile: [Windows]
[2023.03.10-16.00.08:001][  0]LogHAL: Display: Platform has ~ 36 GB [38524260352 / 68719476736 / 36], which maps to Largest [LargestMinGB=32, LargerMinGB=12, DefaultMinGB=8, SmallerMinGB=6, SmallestMinGB=0)
[2023.03.10-16.00.08:001][  0]LogInit: Going up to parent DeviceProfile []
[2023.03.10-16.00.08:001][  0]LogConfig: Applying CVar settings from Section [ViewDistanceQuality@3] File [C:/Users/lex_i/OneDrive/Desktop/GAMERS/UR4blueprintsUDEMY/FirstpersonGame/firstpersongame/Saved/Config/Windows/Scalability.ini]
[2023.03.10-16.00.08:001][  0]LogConfig: Setting CVar [[r.SkeletalMeshLODBias:0]]
[2023.03.10-16.00.08:001][  0]LogConfig: Setting CVar [[r.ViewDistanceScale:1.0]]
[2023.03.10-16.00.08:001][  0]LogConfig: Applying CVar settings from Section [AntiAliasingQuality@3] File [C:/Users/lex_i/OneDrive/Desktop/GAMERS/UR4blueprintsUDEMY/FirstpersonGame/firstpersongame/Saved/Config/Windows/Scalability.ini]
[2023.03.10-16.00.08:001][  0]LogConfig: Setting CVar [[r.PostProcessAAQuality:4]]
[2023.03.10-16.00.08:001][  0]LogConfig: Applying CVar settings from Section [ShadowQuality@3] File [C:/Users/lex_i/OneDrive/Desktop/GAMERS/UR4blueprintsUDEMY/FirstpersonGame/firstpersongame/Saved/Config/Windows/Scalability.ini]
[2023.03.10-16.00.08:001][  0]LogConfig: Setting CVar [[r.LightFunctionQuality:1]]
[2023.03.10-16.00.08:001][  0]LogConfig: Setting CVar [[r.ShadowQuality:5]]
[2023.03.10-16.00.08:001][  0]LogConfig: Setting CVar [[r.Shadow.CSM.MaxCascades:10]]
[2023.03.10-16.00.08:001][  0]LogConfig: Setting CVar [[r.Shadow.MaxResolution:2048]]
[2023.03.10-16.00.08:001][  0]LogConfig: Setting CVar [[r.Shadow.MaxCSMResolution:2048]]
[2023.03.10-16.00.08:001][  0]LogConfig: Setting CVar [[r.Shadow.RadiusThreshold:0.01]]
[2023.03.10-16.00.08:001][  0]LogConfig: Setting CVar [[r.Shadow.DistanceScale:1.0]]
[2023.03.10-16.00.08:001][  0]LogConfig: Setting CVar [[r.Shadow.CSM.TransitionScale:1.0]]
[2023.03.10-16.00.08:001][  0]LogConfig: Setting CVar [[r.Shadow.PreShadowResolutionFactor:1.0]]
[2023.03.10-16.00.08:001][  0]LogConfig: Setting CVar [[r.DistanceFieldShadowing:1]]
[2023.03.10-16.00.08:001][  0]LogConfig: Setting CVar [[r.DistanceFieldAO:1]]
[2023.03.10-16.00.08:001][  0]LogConfig: Setting CVar [[r.AOQuality:2]]
[2023.03.10-16.00.08:001][  0]LogConfig: Setting CVar [[r.VolumetricFog:1]]
[2023.03.10-16.00.08:001][  0]LogConfig: Setting CVar [[r.VolumetricFog.GridPixelSize:8]]
[2023.03.10-16.00.08:001][  0]LogConfig: Setting CVar [[r.VolumetricFog.GridSizeZ:128]]
[2023.03.10-16.00.08:001][  0]LogConfig: Setting CVar [[r.VolumetricFog.HistoryMissSupersampleCount:4]]
[2023.03.10-16.00.08:001][  0]LogConfig: Setting CVar [[r.LightMaxDrawDistanceScale:1]]
[2023.03.10-16.00.08:001][  0]LogConfig: Setting CVar [[r.CapsuleShadows:1]]
[2023.03.10-16.00.08:001][  0]LogConfig: Applying CVar settings from Section [PostProcessQuality@3] File [C:/Users/lex_i/OneDrive/Desktop/GAMERS/UR4blueprintsUDEMY/FirstpersonGame/firstpersongame/Saved/Config/Windows/Scalability.ini]
[2023.03.10-16.00.08:001][  0]LogConfig: Setting CVar [[r.MotionBlurQuality:4]]
[2023.03.10-16.00.08:001][  0]LogConfig: Setting CVar [[r.AmbientOcclusionMipLevelFactor:0.4]]
[2023.03.10-16.00.08:001][  0]LogConfig: Setting CVar [[r.AmbientOcclusionMaxQuality:100]]
[2023.03.10-16.00.08:001][  0]LogConfig: Setting CVar [[r.AmbientOcclusionLevels:-1]]
[2023.03.10-16.00.08:001][  0]LogConfig: Setting CVar [[r.AmbientOcclusionRadiusScale:1.0]]
[2023.03.10-16.00.08:001][  0]LogConfig: Setting CVar [[r.DepthOfFieldQuality:2]]
[2023.03.10-16.00.08:001][  0]LogConfig: Setting CVar [[r.RenderTargetPoolMin:400]]
[2023.03.10-16.00.08:001][  0]LogConfig: Setting CVar [[r.LensFlareQuality:2]]
[2023.03.10-16.00.08:001][  0]LogConfig: Setting CVar [[r.SceneColorFringeQuality:1]]
[2023.03.10-16.00.08:001][  0]LogConfig: Setting CVar [[r.EyeAdaptationQuality:2]]
[2023.03.10-16.00.08:001][  0]LogConfig: Setting CVar [[r.BloomQuality:5]]
[2023.03.10-16.00.08:001][  0]LogConfig: Setting CVar [[r.FastBlurThreshold:100]]
[2023.03.10-16.00.08:001][  0]LogConfig: Setting CVar [[r.Upscale.Quality:3]]
[2023.03.10-16.00.08:001][  0]LogConfig: Setting CVar [[r.Tonemapper.GrainQuantization:1]]
[2023.03.10-16.00.08:001][  0]LogConfig: Setting CVar [[r.LightShaftQuality:1]]
[2023.03.10-16.00.08:001][  0]LogConfig: Setting CVar [[r.Filter.SizeScale:1]]
[2023.03.10-16.00.08:001][  0]LogConfig: Setting CVar [[r.Tonemapper.Quality:5]]
[2023.03.10-16.00.08:001][  0]LogConfig: Setting CVar [[r.DOF.Gather.AccumulatorQuality:1        ; higher gathering accumulator quality]]
[2023.03.10-16.00.08:002][  0]LogConfig: Setting CVar [[r.DOF.Gather.PostfilterMethod:1          ; Median3x3 postfilering method]]
[2023.03.10-16.00.08:002][  0]LogConfig: Setting CVar [[r.DOF.Gather.EnableBokehSettings:0       ; no bokeh simulation when gathering]]
[2023.03.10-16.00.08:002][  0]LogConfig: Setting CVar [[r.DOF.Gather.RingCount:4                 ; medium number of samples when gathering]]
[2023.03.10-16.00.08:002][  0]LogConfig: Setting CVar [[r.DOF.Scatter.ForegroundCompositing:1    ; additive foreground scattering]]
[2023.03.10-16.00.08:002][  0]LogConfig: Setting CVar [[r.DOF.Scatter.BackgroundCompositing:2    ; additive background scattering]]
[2023.03.10-16.00.08:002][  0]LogConfig: Setting CVar [[r.DOF.Scatter.EnableBokehSettings:1      ; bokeh simulation when scattering]]
[2023.03.10-16.00.08:002][  0]LogConfig: Setting CVar [[r.DOF.Scatter.MaxSpriteRatio:0.1         ; only a maximum of 10% of scattered bokeh]]
[2023.03.10-16.00.08:002][  0]LogConfig: Setting CVar [[r.DOF.Recombine.Quality:1                ; cheap slight out of focus]]
[2023.03.10-16.00.08:002][  0]LogConfig: Setting CVar [[r.DOF.Recombine.EnableBokehSettings:0    ; no bokeh simulation on slight out of focus]]
[2023.03.10-16.00.08:002][  0]LogConfig: Setting CVar [[r.DOF.TemporalAAQuality:1                ; more stable temporal accumulation]]
[2023.03.10-16.00.08:002][  0]LogConfig: Setting CVar [[r.DOF.Kernel.MaxForegroundRadius:0.025]]
[2023.03.10-16.00.08:002][  0]LogConfig: Setting CVar [[r.DOF.Kernel.MaxBackgroundRadius:0.025]]
[2023.03.10-16.00.08:002][  0]LogConfig: Applying CVar settings from Section [TextureQuality@3] File [C:/Users/lex_i/OneDrive/Desktop/GAMERS/UR4blueprintsUDEMY/FirstpersonGame/firstpersongame/Saved/Config/Windows/Scalability.ini]
[2023.03.10-16.00.08:002][  0]LogConfig: Setting CVar [[r.Streaming.MipBias:0]]
[2023.03.10-16.00.08:002][  0]LogConfig: Setting CVar [[r.Streaming.AmortizeCPUToGPUCopy:0]]
[2023.03.10-16.00.08:002][  0]LogConfig: Setting CVar [[r.Streaming.MaxNumTexturesToStreamPerFrame:0]]
[2023.03.10-16.00.08:002][  0]LogConfig: Setting CVar [[r.Streaming.Boost:1]]
[2023.03.10-16.00.08:002][  0]LogConfig: Setting CVar [[r.MaxAnisotropy:8]]
[2023.03.10-16.00.08:002][  0]LogConfig: Setting CVar [[r.VT.MaxAnisotropy:8]]
[2023.03.10-16.00.08:002][  0]LogConfig: Setting CVar [[r.Streaming.LimitPoolSizeToVRAM:0]]
[2023.03.10-16.00.08:002][  0]LogConfig: Setting CVar [[r.Streaming.PoolSize:1000]]
[2023.03.10-16.00.08:002][  0]LogConfig: Setting CVar [[r.Streaming.MaxEffectiveScreenSize:0]]
[2023.03.10-16.00.08:002][  0]LogConfig: Applying CVar settings from Section [EffectsQuality@3] File [C:/Users/lex_i/OneDrive/Desktop/GAMERS/UR4blueprintsUDEMY/FirstpersonGame/firstpersongame/Saved/Config/Windows/Scalability.ini]
[2023.03.10-16.00.08:002][  0]LogConfig: Setting CVar [[r.TranslucencyLightingVolumeDim:64]]
[2023.03.10-16.00.08:002][  0]LogConfig: Setting CVar [[r.RefractionQuality:2]]
[2023.03.10-16.00.08:002][  0]LogConfig: Setting CVar [[r.SSR.Quality:3]]
[2023.03.10-16.00.08:002][  0]LogConfig: Setting CVar [[r.SSR.HalfResSceneColor:0]]
[2023.03.10-16.00.08:002][  0]LogConfig: Setting CVar [[r.SceneColorFormat:4]]
[2023.03.10-16.00.08:002][  0]LogConfig: Setting CVar [[r.DetailMode:2]]
[2023.03.10-16.00.08:002][  0]LogConfig: Setting CVar [[r.TranslucencyVolumeBlur:1]]
[2023.03.10-16.00.08:002][  0]LogConfig: Setting CVar [[r.MaterialQualityLevel:1 ; High quality]]
[2023.03.10-16.00.08:002][  0]LogConfig: Setting CVar [[r.SSS.Scale:1]]
[2023.03.10-16.00.08:002][  0]LogConfig: Setting CVar [[r.SSS.SampleSet:2]]
[2023.03.10-16.00.08:002][  0]LogConfig: Setting CVar [[r.SSS.Quality:1]]
[2023.03.10-16.00.08:002][  0]LogConfig: Setting CVar [[r.SSS.HalfRes:1]]
[2023.03.10-16.00.08:002][  0]LogConfig: Setting CVar [[r.SSGI.Quality:3]]
[2023.03.10-16.00.08:002][  0]LogConfig: Setting CVar [[r.EmitterSpawnRateScale:1.0]]
[2023.03.10-16.00.08:002][  0]LogConfig: Setting CVar [[r.ParticleLightQuality:2]]
[2023.03.10-16.00.08:002][  0]LogConfig: Setting CVar [[r.SkyAtmosphere.AerialPerspectiveLUT.FastApplyOnOpaque:1 ; Always have FastSkyLUT 1 in this case to avoid wrong sky]]
[2023.03.10-16.00.08:002][  0]LogConfig: Setting CVar [[r.SkyAtmosphere.AerialPerspectiveLUT.SampleCountPerSlice:1]]
[2023.03.10-16.00.08:002][  0]LogConfig: Setting CVar [[r.SkyAtmosphere.AerialPerspectiveLUT.DepthResolution:16.0]]
[2023.03.10-16.00.08:002][  0]LogConfig: Setting CVar [[r.SkyAtmosphere.FastSkyLUT:1]]
[2023.03.10-16.00.08:002][  0]LogConfig: Setting CVar [[r.SkyAtmosphere.FastSkyLUT.SampleCountMin:4.0]]
[2023.03.10-16.00.08:002][  0]LogConfig: Setting CVar [[r.SkyAtmosphere.FastSkyLUT.SampleCountMax:32.0]]
[2023.03.10-16.00.08:002][  0]LogConfig: Setting CVar [[r.SkyAtmosphere.SampleCountMin:4.0]]
[2023.03.10-16.00.08:002][  0]LogConfig: Setting CVar [[r.SkyAtmosphere.SampleCountMax:32.0]]
[2023.03.10-16.00.08:002][  0]LogConfig: Setting CVar [[r.SkyAtmosphere.TransmittanceLUT.UseSmallFormat:0]]
[2023.03.10-16.00.08:002][  0]LogConfig: Setting CVar [[r.SkyAtmosphere.TransmittanceLUT.SampleCount:10.0]]
[2023.03.10-16.00.08:002][  0]LogConfig: Setting CVar [[r.SkyAtmosphere.MultiScatteringLUT.SampleCount:15.0]]
[2023.03.10-16.00.08:002][  0]LogConfig: Applying CVar settings from Section [FoliageQuality@3] File [C:/Users/lex_i/OneDrive/Desktop/GAMERS/UR4blueprintsUDEMY/FirstpersonGame/firstpersongame/Saved/Config/Windows/Scalability.ini]
[2023.03.10-16.00.08:002][  0]LogConfig: Setting CVar [[foliage.DensityScale:1.0]]
[2023.03.10-16.00.08:002][  0]LogConfig: Setting CVar [[grass.DensityScale:1.0]]
[2023.03.10-16.00.08:002][  0]LogConfig: Applying CVar settings from Section [ShadingQuality@3] File [C:/Users/lex_i/OneDrive/Desktop/GAMERS/UR4blueprintsUDEMY/FirstpersonGame/firstpersongame/Saved/Config/Windows/Scalability.ini]
[2023.03.10-16.00.08:002][  0]LogConfig: Setting CVar [[r.HairStrands.SkyLighting.SampleCount:16]]
[2023.03.10-16.00.08:002][  0]LogConfig: Setting CVar [[r.HairStrands.SkyLighting.JitterIntegration:0]]
[2023.03.10-16.00.08:002][  0]LogConfig: Setting CVar [[r.HairStrands.SkyAO.SampleCount:16]]
[2023.03.10-16.00.08:002][  0]LogConfig: Applying CVar settings from Section [Startup] File [../../../Engine/Config/ConsoleVariables.ini]
[2023.03.10-16.00.08:003][  0]LogConfig: Setting CVar [[net.UseAdaptiveNetUpdateFrequency:0]]
[2023.03.10-16.00.08:003][  0]LogConfig: Setting CVar [[p.chaos.AllowCreatePhysxBodies:1]]
[2023.03.10-16.00.08:003][  0]LogConfig: Applying CVar settings from Section [ConsoleVariables] File [C:/Users/lex_i/OneDrive/Desktop/GAMERS/UR4blueprintsUDEMY/FirstpersonGame/firstpersongame/Saved/Config/Windows/Engine.ini]
[2023.03.10-16.00.08:003][  0]LogInit: Computer: DESKTOP-0GSKEEK
[2023.03.10-16.00.08:003][  0]LogInit: User: lexi
[2023.03.10-16.00.08:003][  0]LogInit: CPU Page size=4096, Cores=2
[2023.03.10-16.00.08:004][  0]LogInit: High frequency timer resolution =10.000000 MHz
[2023.03.10-16.00.08:004][  0]LogMemory: Memory total: Physical=35.9GB (36GB approx)
[2023.03.10-16.00.08:004][  0]LogMemory: Platform Memory Stats for Windows
[2023.03.10-16.00.08:004][  0]LogMemory: Process Physical Memory: 105.64 MB used, 105.64 MB peak
[2023.03.10-16.00.08:004][  0]LogMemory: Process Virtual Memory: 99.71 MB used, 99.71 MB peak
[2023.03.10-16.00.08:004][  0]LogMemory: Physical Memory: 8970.81 MB used,  27768.79 MB free, 36739.60 MB total
[2023.03.10-16.00.08:004][  0]LogMemory: Virtual Memory: 5119.12 MB used,  134212608.00 MB free, 134217728.00 MB total
[2023.03.10-16.00.08:007][  0]LogWindows: WindowsPlatformFeatures enabled
[2023.03.10-16.00.08:035][  0]LogInit: Using OS detected language (pt-BR).
[2023.03.10-16.00.08:035][  0]LogInit: Using OS detected locale (pt-BR).
[2023.03.10-16.00.08:575][  0]LogTextLocalizationResource: LocRes '../../../Engine/Content/Localization/Editor/pt/Editor.locres' could not be opened for reading!
[2023.03.10-16.00.08:575][  0]LogTextLocalizationResource: LocRes '../../../Engine/Content/Localization/EditorTutorials/pt/EditorTutorials.locres' could not be opened for reading!
[2023.03.10-16.00.08:575][  0]LogTextLocalizationResource: LocRes '../../../Engine/Content/Localization/Keywords/pt/Keywords.locres' could not be opened for reading!
[2023.03.10-16.00.08:575][  0]LogTextLocalizationResource: LocRes '../../../Engine/Content/Localization/Category/pt/Category.locres' could not be opened for reading!
[2023.03.10-16.00.08:575][  0]LogTextLocalizationResource: LocRes '../../../Engine/Content/Localization/ToolTips/pt/ToolTips.locres' could not be opened for reading!
[2023.03.10-16.00.08:576][  0]LogTextLocalizationResource: LocRes '../../../Engine/Content/Localization/PropertyNames/pt/PropertyNames.locres' could not be opened for reading!
[2023.03.10-16.00.08:576][  0]LogTextLocalizationResource: LocRes '../../../Engine/Content/Localization/Engine/pt/Engine.locres' could not be opened for reading!
[2023.03.10-16.00.08:576][  0]LogTextLocalizationResource: LocRes '../../../Engine/Plugins/Online/Android/OnlineSubsystemGooglePlay/Content/Localization/OnlineSubsystemGooglePlay/pt/OnlineSubsystemGooglePlay.locres' could not be opened for reading!
[2023.03.10-16.00.08:576][  0]LogTextLocalizationResource: LocRes '../../../Engine/Plugins/Online/IOS/OnlineSubsystemIOS/Content/Localization/OnlineSubsystemIOS/pt/OnlineSubsystemIOS.locres' could not be opened for reading!
[2023.03.10-16.00.08:576][  0]LogTextLocalizationResource: LocRes '../../../Engine/Plugins/Online/OnlineSubsystem/Content/Localization/OnlineSubsystem/pt/OnlineSubsystem.locres' could not be opened for reading!
[2023.03.10-16.00.08:576][  0]LogTextLocalizationResource: LocRes '../../../Engine/Plugins/Online/OnlineSubsystemUtils/Content/Localization/OnlineSubsystemUtils/pt/OnlineSubsystemUtils.locres' could not be opened for reading!
[2023.03.10-16.00.08:734][  0]LogSlate: New Slate User Created.  User Index 0, Is Virtual User: 0
[2023.03.10-16.00.08:734][  0]LogSlate: Slate User Registered.  User Index 0, Is Virtual User: 0
[2023.03.10-16.00.08:823][  0]LogHMD: Failed to initialize OpenVR with code 110
[2023.03.10-16.00.08:823][  0]LogD3D11RHI: D3D11 min allowed feature level: 11_0
[2023.03.10-16.00.08:823][  0]LogD3D11RHI: D3D11 max allowed feature level: 11_0
[2023.03.10-16.00.08:823][  0]LogD3D11RHI: D3D11 adapters:
[2023.03.10-16.00.08:917][  0]LogD3D11RHI:    0. 'NVIDIA GeForce 940MX' (Feature Level 11_0)
[2023.03.10-16.00.08:917][  0]LogD3D11RHI:       2020/0/18369 MB DedicatedVideo/DedicatedSystem/SharedSystem, Outputs:2, VendorId:0x10de
[2023.03.10-16.00.08:957][  0]LogD3D11RHI:    1. 'Intel(R) HD Graphics 620' (Feature Level 11_0)
[2023.03.10-16.00.08:958][  0]LogD3D11RHI:       128/0/18369 MB DedicatedVideo/DedicatedSystem/SharedSystem, Outputs:0, VendorId:0x8086
[2023.03.10-16.00.08:960][  0]LogD3D11RHI:    2. 'Microsoft Basic Render Driver' (Feature Level 11_0)
[2023.03.10-16.00.08:960][  0]LogD3D11RHI:       0/0/18369 MB DedicatedVideo/DedicatedSystem/SharedSystem, Outputs:0, VendorId:0x1414
[2023.03.10-16.00.08:960][  0]LogD3D11RHI: Chosen D3D11 Adapter: 0
[2023.03.10-16.00.09:020][  0]LogD3D11RHI: Creating new Direct3DDevice
[2023.03.10-16.00.09:020][  0]LogD3D11RHI:     GPU DeviceId: 0x134d (for the marketing name, search the web for "GPU Device Id")
[2023.03.10-16.00.09:020][  0]LogWindows: EnumDisplayDevices:
[2023.03.10-16.00.09:020][  0]LogWindows:    0. 'Intel(R) HD Graphics 620' (P:1 D:1)
[2023.03.10-16.00.09:021][  0]LogWindows:    1. 'Intel(R) HD Graphics 620' (P:0 D:1)
[2023.03.10-16.00.09:021][  0]LogWindows:    2. 'Intel(R) HD Graphics 620' (P:0 D:0)
[2023.03.10-16.00.09:021][  0]LogWindows: DebugString: PrimaryIsNotTheChoosenAdapter PrimaryIsNotTheChoosenAdapter PrimaryIsNotTheChoosenAdapter FoundDriverCount:0 
[2023.03.10-16.00.09:021][  0]LogD3D11RHI:     Adapter Name: NVIDIA GeForce 940MX
[2023.03.10-16.00.09:021][  0]LogD3D11RHI:   Driver Version: Unknown (internal:Unknown, unified:Unknown)
[2023.03.10-16.00.09:021][  0]LogD3D11RHI:      Driver Date: Unknown
[2023.03.10-16.00.09:021][  0]LogRHI: Texture pool is 1414 MB (70% of 2020 MB)
[2023.03.10-16.00.09:073][  0]LogD3D11RHI: RHI has support for 64 bit atomics
[2023.03.10-16.00.09:073][  0]LogD3D11RHI: Async texture creation enabled
[2023.03.10-16.00.09:087][  0]LogD3D11RHI: GPU Timing Frequency: 1000.000000 (Debug: 2 1)
[2023.03.10-16.00.09:617][  0]LogTargetPlatformManager: Display: Loaded TargetPlatform 'WindowsNoEditor'
[2023.03.10-16.00.09:623][  0]LogTargetPlatformManager: Display: Loaded TargetPlatform 'Windows'
[2023.03.10-16.00.09:637][  0]LogTargetPlatformManager: Display: Loaded TargetPlatform 'WindowsClient'
[2023.03.10-16.00.09:648][  0]LogTargetPlatformManager: Display: Loaded TargetPlatform 'WindowsServer'
[2023.03.10-16.00.09:648][  0]LogTargetPlatformManager: Display: Building Assets For Windows
[2023.03.10-16.00.09:653][  0]LogAudioDebug: Display: Lib vorbis DLL was dynamically loaded.
[2023.03.10-16.00.09:688][  0]LogShaderCompilers: Guid format shader working directory is -58 characters bigger than the processId version (../../../../../../Users/lex_i/OneDrive/Desktop/GAMERS/UR4blueprintsUDEMY/FirstpersonGame/firstpersongame/Intermediate/Shaders/WorkingDirectory/9364/).
[2023.03.10-16.00.09:689][  0]LogShaderCompilers: Cleaned the shader compiler working directory 'C:/Users/lex_i/AppData/Local/Temp/UnrealShaderWorkingDir/A548058E4113C45475256F8D32E5D9BB/'.
[2023.03.10-16.00.09:689][  0]LogXGEController: Cannot use XGE Controller as Incredibuild is not installed on this machine.
[2023.03.10-16.00.09:689][  0]LogShaderCompilers: Cannot use XGE Shader Compiler as Incredibuild is not installed on this machine.
[2023.03.10-16.00.09:690][  0]LogShaderCompilers: Display: Using Local Shader Compiler.
[2023.03.10-16.00.10:729][  0]LogDerivedDataCache: Display: Max Cache Size: 512 MB
[2023.03.10-16.00.10:800][  0]LogDerivedDataCache: Loaded boot cache 0.07s 78MB C:/Users/lex_i/AppData/Local/UnrealEngine/4.24/DerivedDataCache/Boot.ddc.
[2023.03.10-16.00.10:800][  0]LogDerivedDataCache: Display: Loaded Boot cache: C:/Users/lex_i/AppData/Local/UnrealEngine/4.24/DerivedDataCache/Boot.ddc
[2023.03.10-16.00.10:800][  0]LogDerivedDataCache: FDerivedDataBackendGraph:  Pak pak cache file ../../../../../../Users/lex_i/OneDrive/Desktop/GAMERS/UR4blueprintsUDEMY/FirstpersonGame/firstpersongame/DerivedDataCache/DDC.ddp not found, will not use a pak cache.
[2023.03.10-16.00.10:800][  0]LogDerivedDataCache: Unable to find inner node Pak for hierarchical cache Hierarchy.
[2023.03.10-16.00.10:801][  0]LogDerivedDataCache: FDerivedDataBackendGraph:  CompressedPak pak cache file ../../../../../../Users/lex_i/OneDrive/Desktop/GAMERS/UR4blueprintsUDEMY/FirstpersonGame/firstpersongame/DerivedDataCache/Compressed.ddp not found, will not use a pak cache.
[2023.03.10-16.00.10:801][  0]LogDerivedDataCache: Unable to find inner node CompressedPak for hierarchical cache Hierarchy.
[2023.03.10-16.00.10:815][  0]LogDerivedDataCache: Display: Pak cache opened for reading ../../../Engine/DerivedDataCache/Compressed.ddp.
[2023.03.10-16.00.10:815][  0]LogDerivedDataCache: FDerivedDataBackendGraph:  EnterprisePak pak cache file ../../../Enterprise/DerivedDataCache/Compressed.ddp not found, will not use a pak cache.
[2023.03.10-16.00.10:815][  0]LogDerivedDataCache: Unable to find inner node EnterprisePak for hierarchical cache Hierarchy.
[2023.03.10-16.00.10:817][  0]LogDerivedDataCache: Using Local data cache path C:/Users/lex_i/AppData/Local/UnrealEngine/Common/DerivedDataCache: Writable
[2023.03.10-16.00.10:817][  0]LogDerivedDataCache: Shared data cache path not found in *engine.ini, will not use an Shared cache.
[2023.03.10-16.00.10:817][  0]LogDerivedDataCache: Unable to find inner node Shared for hierarchical cache Hierarchy.
[2023.03.10-16.00.10:851][  0]LogMaterial: Verifying Global Shaders for PCD3D_SM5
[2023.03.10-16.00.10:936][  0]LogSlate: Using FreeType 2.10.0
[2023.03.10-16.00.10:937][  0]LogSlate: SlateFontServices - WITH_FREETYPE: 1, WITH_HARFBUZZ: 1
[2023.03.10-16.00.11:123][  0]LogInit: Using OS detected language (pt-BR).
[2023.03.10-16.00.11:123][  0]LogInit: Using OS detected locale (pt-BR).
[2023.03.10-16.00.11:123][  0]LogTextLocalizationManager: No localization for 'pt-BR' exists, so 'en' will be used for the language.
[2023.03.10-16.00.11:124][  0]LogTextLocalizationManager: No localization for 'pt-BR' exists, so 'en' will be used for the locale.
[2023.03.10-16.00.11:124][  0]LogSlate: FontCache flush requested. Reason: Culture for localization was changed
[2023.03.10-16.00.11:124][  0]LogSlate: FontCache flush requested. Reason: Culture for localization was changed
[2023.03.10-16.00.11:124][  0]LogTextLocalizationManager: Compacting localization data took   0.00ms
[2023.03.10-16.00.11:132][  0]LogAssetRegistry: FAssetRegistry took 0.0057 seconds to start up
[2023.03.10-16.00.11:540][  0]LogPackageLocalizationCache: Processed 10 localized package path(s) for 1 prioritized culture(s) in 0.000678 seconds
[2023.03.10-16.00.11:632][  0]LogInit: Selected Device Profile: [Windows]
[2023.03.10-16.00.11:808][  0]LogMeshReduction: Using QuadricMeshReduction for automatic static mesh reduction
[2023.03.10-16.00.11:808][  0]LogMeshReduction: Using SimplygonMeshReduction for automatic skeletal mesh reduction
[2023.03.10-16.00.11:808][  0]LogMeshReduction: Using ProxyLODMeshReduction for automatic mesh merging
[2023.03.10-16.00.11:808][  0]LogMeshReduction: No distributed automatic mesh merging module available
[2023.03.10-16.00.11:808][  0]LogMeshMerging: No distributed automatic mesh merging module available
[2023.03.10-16.00.11:828][  0]LogNetVersion: firstpersongame 1.0.0, NetCL: 10570792, EngineNetVer: 13, GameNetVer: 0 (Checksum: 2425218941)
[2023.03.10-16.00.12:525][  0]LogMoviePlayer: Initializing movie player
[2023.03.10-16.00.12:635][  0]LogTcpMessaging: Initializing TcpMessaging bridge
[2023.03.10-16.00.12:638][  0]LogUdpMessaging: Initializing bridge on interface 0.0.0.0:0 to multicast group 230.0.0.1:6666.
[2023.03.10-16.00.12:679][  0]SourceControl: Controle de origem desativado
[2023.03.10-16.00.12:679][  0]SourceControl: Controle de origem desativado
[2023.03.10-16.00.12:682][  0]SourceControl: Controle de origem desativado
[2023.03.10-16.00.12:719][  0]LogAndroidPermission: UAndroidPermissionCallbackProxy::GetInstance
[2023.03.10-16.00.12:728][  0]LogAudioCaptureCore: Display: No Audio Capture implementations found. Audio input will be silent.
[2023.03.10-16.00.12:728][  0]LogAudioCaptureCore: Display: No Audio Capture implementations found. Audio input will be silent.
[2023.03.10-16.00.12:801][  0]LogOcInput: OculusInput pre-init called
[2023.03.10-16.00.12:813][  0]LogUObjectArray: 52645 objects as part of root set at end of initial load.
[2023.03.10-16.00.12:813][  0]LogUObjectAllocator: 9318280 out of 0 bytes used by permanent object pool.
[2023.03.10-16.00.12:813][  0]LogUObjectArray: CloseDisregardForGC: 0/0 objects in disregard for GC pool
[2023.03.10-16.00.12:890][  0]LogEngine: Initializing Engine...
[2023.03.10-16.00.12:891][  0]LogHMD: Failed to initialize OpenVR with code 110
[2023.03.10-16.00.12:893][  0]LogStats: UGameplayTagsManager::InitializeManager -  0.000 s
[2023.03.10-16.00.13:135][  0]LogInit: Initializing FReadOnlyCVARCache
[2023.03.10-16.00.13:137][  0]LogAudioMixer: Display: Audio Mixer Platform Settings:
[2023.03.10-16.00.13:137][  0]LogAudioMixer: Display: 	Sample Rate:						  48000
[2023.03.10-16.00.13:137][  0]LogAudioMixer: Display: 	Callback Buffer Frame Size Requested: 1024
[2023.03.10-16.00.13:137][  0]LogAudioMixer: Display: 	Callback Buffer Frame Size To Use:	  1024
[2023.03.10-16.00.13:137][  0]LogAudioMixer: Display: 	Number of buffers to queue:			  2
[2023.03.10-16.00.13:137][  0]LogAudioMixer: Display: 	Max Channels (voices):				  32
[2023.03.10-16.00.13:137][  0]LogAudioMixer: Display: 	Number of Async Source Workers:		  0
[2023.03.10-16.00.13:137][  0]LogAudio: Display: AudioDevice MaxSources: 32
[2023.03.10-16.00.13:137][  0]LogAudio: Display: Using built-in audio occlusion.
[2023.03.10-16.00.13:137][  0]LogAudioMixer: Display: Initializing audio mixer.
[2023.03.10-16.00.13:172][  0]LogAudioMixer: Display: Audio Device Output Speaker Info:
[2023.03.10-16.00.13:172][  0]LogAudioMixer: Display: Name: Headphones (2- High Definition Audio Device)
[2023.03.10-16.00.13:172][  0]LogAudioMixer: Display: Is Default: Yes
[2023.03.10-16.00.13:172][  0]LogAudioMixer: Display: Sample Rate: 48000
[2023.03.10-16.00.13:172][  0]LogAudioMixer: Display: Channel Count Used: 2
[2023.03.10-16.00.13:172][  0]LogAudioMixer: Display: Device Channel Count: 2
[2023.03.10-16.00.13:172][  0]LogAudioMixer: Display: Channel Order:
[2023.03.10-16.00.13:173][  0]LogAudioMixer: Display: 0: FrontLeft
[2023.03.10-16.00.13:173][  0]LogAudioMixer: Display: 1: FrontRight
[2023.03.10-16.00.13:193][  0]LogAudioMixer: Display: Using Audio Device Headphones (2- High Definition Audio Device)
[2023.03.10-16.00.13:200][  0]LogInit: FAudioDevice initialized.
[2023.03.10-16.00.13:201][  0]LogNetVersion: Set ProjectVersion to 1.0.0.0. Version Checksum will be recalculated on next use.
[2023.03.10-16.00.13:202][  0]LogInit: Texture streaming: Enabled
[2023.03.10-16.00.13:706][  0]LogSlate: Updating window title bar state: overlay mode, drag disabled, window buttons hidden, title bar hidden
[2023.03.10-16.00.13:707][  0]LogInit: Display: Game Engine Initialized.
[2023.03.10-16.00.13:722][  0]LogInit: Display: Starting Game.
[2023.03.10-16.00.13:732][  0]LogNet: Browse: /Game/FirstPersonBP/Maps/Zero?Name=Player
[2023.03.10-16.00.13:732][  0]LogLoad: LoadMap: /Game/FirstPersonBP/Maps/Zero?Name=Player
[2023.03.10-16.00.13:732][  0]LogWorld: BeginTearingDown for /Temp/Untitled_0
[2023.03.10-16.00.13:734][  0]LogWorld: UWorld::CleanupWorld for Untitled, bSessionEnded=true, bCleanupResources=true
[2023.03.10-16.00.13:734][  0]LogSlate: InvalidateAllWidgets triggered.  All widgets were invalidated
[2023.03.10-16.00.13:758][  0]LogAudioMixer: Display: No commands were queued while flushing the source manager.
[2023.03.10-16.00.13:760][  0]LogUObjectHash: Compacting FUObjectHashTables data took   2.04ms
[2023.03.10-16.00.13:801][  0]LogAIModule: Creating AISystem for world Zero
[2023.03.10-16.00.15:936][  0]LogLoad: Game class is 'FirstPersonGameMode_C'
[2023.03.10-16.00.15:937][  0]LogWorld: Bringing World /Game/FirstPersonBP/Maps/Zero.Zero up for play (max tick rate 0) at 2023.03.10-13.00.15
[2023.03.10-16.00.15:938][  0]LogWorld: Bringing up level for play took: 0.000616
[2023.03.10-16.00.15:938][  0]LogGameMode: FindPlayerStart: PATHS NOT DEFINED or NO PLAYERSTART with positive rating
[2023.03.10-16.00.15:946][  0]LogLoad: Took 2.213546 seconds to LoadMap(/Game/FirstPersonBP/Maps/Zero)
[2023.03.10-16.00.16:016][  0]LogRenderer: Reallocating scene render targets to support 1280x720 Format 10 NumSamples 1 (Frame:1).
[2023.03.10-16.00.16:016][  0]LogLoad: (Engine Initialization) Total time: 10.20 seconds
[2023.03.10-16.00.16:016][  0]LogLoad: (Engine Initialization) Total Blueprint compile time: 0.00 seconds
[2023.03.10-16.00.16:026][  0]LogContentStreaming: Texture pool size now 1000 MB
[2023.03.10-16.00.16:037][  0]LogAudio: Warning: Detected orphaned looping sound 'Starter_Music01'.
[2023.03.10-16.00.16:037][  0]LogSlate: InvalidateAllWidgets triggered.  All widgets were invalidated
[2023.03.10-16.00.43:756][404]LogPackageName: SearchForPackageOnDisk took   0.163s to resolve FirstPersonExampleMap.umap.
[2023.03.10-16.00.43:916][404]LogPackageName: SearchForPackageOnDisk took   0.159s to resolve FirstPersonExampleMap.umap.
[2023.03.10-16.00.43:916][404]LogNet: Browse: /Game/FirstPersonBP/Maps/FirstPersonExampleMap
[2023.03.10-16.00.43:917][404]LogLoad: LoadMap: /Game/FirstPersonBP/Maps/FirstPersonExampleMap
[2023.03.10-16.00.43:917][404]LogWorld: BeginTearingDown for /Game/FirstPersonBP/Maps/Zero
[2023.03.10-16.00.43:918][404]LogWorld: UWorld::CleanupWorld for Zero, bSessionEnded=true, bCleanupResources=true
[2023.03.10-16.00.43:918][404]LogSlate: InvalidateAllWidgets triggered.  All widgets were invalidated
[2023.03.10-16.00.43:965][404]LogAudioMixer: Display: Flush succeeded in the source manager command queue (1).
[2023.03.10-16.00.43:965][404]LogAudioMixer: Display: Flush succeeded the source manager command queue (2).
[2023.03.10-16.00.43:965][404]LogAudio: Display: Waited 46.876301 ms for audio thread.
[2023.03.10-16.00.44:001][404]LogUObjectHash: Compacting FUObjectHashTables data took   2.90ms
[2023.03.10-16.00.46:006][404]LogAIModule: Creating AISystem for world FirstPersonExampleMap
[2023.03.10-16.00.46:007][404]LogLoad: Game class is 'FirstPersonGameMode_C'
[2023.03.10-16.00.46:016][404]LogWorld: Bringing World /Game/FirstPersonBP/Maps/FirstPersonExampleMap.FirstPersonExampleMap up for play (max tick rate 0) at 2023.03.10-13.00.46
[2023.03.10-16.00.46:016][404]LogWorld: Bringing up level for play took: 0.008682
[2023.03.10-16.00.46:019][404]LogLoad: Took 2.103337 seconds to LoadMap(/Game/FirstPersonBP/Maps/FirstPersonExampleMap)
[2023.03.10-16.00.51:097][670]LogBlueprintUserMessages: [FirstPersonCharacter_C_1] Esgotado
[2023.03.10-16.00.51:099][670]LogSlate: Took 0.000283 seconds to synchronously load lazily loaded font '../../../Engine/Content/Slate/Fonts/Roboto-Regular.ttf' (155K)
[2023.03.10-16.00.51:258][679]LogBlueprintUserMessages: [FirstPersonCharacter_C_1] Esgotado
[2023.03.10-16.00.51:409][688]LogBlueprintUserMessages: [FirstPersonCharacter_C_1] Esgotado
[2023.03.10-16.00.57:206][ 46]LogBlueprintUserMessages: [FirstPersonCharacter_C_1] Zerado
[2023.03.10-16.00.57:346][ 55]LogBlueprintUserMessages: [FirstPersonCharacter_C_1] Zerado
[2023.03.10-16.00.58:472][124]LogBlueprintUserMessages: [FirstPersonCharacter_C_1] Esgotado
[2023.03.10-16.00.58:720][139]LogBlueprintUserMessages: [FirstPersonCharacter_C_1] Zerado
[2023.03.10-16.00.58:854][147]LogBlueprintUserMessages: [FirstPersonCharacter_C_1] Zerado
[2023.03.10-16.00.58:955][153]LogBlueprintUserMessages: [FirstPersonCharacter_C_1] Esgotado
[2023.03.10-16.00.59:125][163]LogBlueprintUserMessages: [FirstPersonCharacter_C_1] Esgotado
[2023.03.10-16.01.06:939][598]LogPlayerController: Error: InputMode:UIOnly - Attempting to focus Non-Focusable widget SObjectWidget [Widget.cpp(776)]!
[2023.03.10-16.01.15:195][  9]LogBlueprintUserMessages: [FirstPersonCharacter_C_1] Stop Jump
[2023.03.10-16.01.15:342][ 17]LogBlueprintUserMessages: [FirstPersonCharacter_C_1] Stop Jump
[2023.03.10-16.01.15:529][ 27]LogBlueprintUserMessages: [FirstPersonCharacter_C_1] Stop Jump
[2023.03.10-16.01.15:701][ 34]LogBlueprintUserMessages: [FirstPersonCharacter_C_1] Stop Jump
[2023.03.10-16.01.15:898][ 42]LogBlueprintUserMessages: [FirstPersonCharacter_C_1] Stop Jump
[2023.03.10-16.01.16:061][ 49]LogBlueprintUserMessages: [FirstPersonCharacter_C_1] Stop Jump
[2023.03.10-16.01.16:199][ 55]LogBlueprintUserMessages: [FirstPersonCharacter_C_1] Stop Jump
[2023.03.10-16.01.16:369][ 61]LogBlueprintUserMessages: [FirstPersonCharacter_C_1] Stop Jump
[2023.03.10-16.01.16:550][ 68]LogBlueprintUserMessages: [FirstPersonCharacter_C_1] Stop Jump
[2023.03.10-16.01.16:742][ 76]LogBlueprintUserMessages: [FirstPersonCharacter_C_1] Stop Jump
[2023.03.10-16.01.19:296][201]LogPlayerController: Error: InputMode:UIOnly - Attempting to focus Non-Focusable widget SObjectWidget [Widget.cpp(776)]!
[2023.03.10-16.01.51:830][810]LogBlueprintUserMessages: [FirstPersonCharacter_C_1] Esgotado
[2023.03.10-16.01.54:969][961]LogPlayerController: Error: InputMode:UIOnly - Attempting to focus Non-Focusable widget SObjectWidget [Widget.cpp(776)]!
[2023.03.10-16.01.57:379][ 70]LogPackageName: SearchForPackageOnDisk took   0.171s to resolve Zero.umap.
[2023.03.10-16.01.57:526][ 70]LogPackageName: SearchForPackageOnDisk took   0.147s to resolve Zero.umap.
[2023.03.10-16.01.57:526][ 70]LogNet: Browse: /Game/FirstPersonBP/Maps/Zero
[2023.03.10-16.01.57:526][ 70]LogLoad: LoadMap: /Game/FirstPersonBP/Maps/Zero
[2023.03.10-16.01.57:526][ 70]LogWorld: BeginTearingDown for /Game/FirstPersonBP/Maps/FirstPersonExampleMap
[2023.03.10-16.01.57:527][ 70]LogWorld: UWorld::CleanupWorld for FirstPersonExampleMap, bSessionEnded=true, bCleanupResources=true
[2023.03.10-16.01.57:528][ 70]LogSlate: InvalidateAllWidgets triggered.  All widgets were invalidated
[2023.03.10-16.01.57:564][ 70]LogAudioMixer: Display: Flush succeeded in the source manager command queue (1).
[2023.03.10-16.01.57:564][ 70]LogAudio: Display: Waited 35.456501 ms for audio thread.
[2023.03.10-16.01.57:565][ 70]LogAudioMixer: Display: Flush succeeded the source manager command queue (2).
[2023.03.10-16.01.57:565][ 70]LogAudio: Display: Waited 36.954601 ms for audio thread.
[2023.03.10-16.01.57:617][ 70]LogUObjectHash: Compacting FUObjectHashTables data took   2.25ms
[2023.03.10-16.01.57:650][ 70]LogAIModule: Creating AISystem for world Zero
[2023.03.10-16.01.57:986][ 70]LogLoad: Game class is 'FirstPersonGameMode_C'
[2023.03.10-16.01.57:987][ 70]LogWorld: Bringing World /Game/FirstPersonBP/Maps/Zero.Zero up for play (max tick rate 0) at 2023.03.10-13.01.57
[2023.03.10-16.01.57:987][ 70]LogWorld: Bringing up level for play took: 0.000504
[2023.03.10-16.01.57:987][ 70]LogGameMode: FindPlayerStart: PATHS NOT DEFINED or NO PLAYERSTART with positive rating
[2023.03.10-16.01.57:992][ 70]LogLoad: Took 0.465553 seconds to LoadMap(/Game/FirstPersonBP/Maps/Zero)
[2023.03.10-16.01.57:994][ 71]LogAudio: Warning: Detected orphaned looping sound 'Starter_Music01'.
[2023.03.10-16.02.03:312][629]r.SetRes = "1920 x 1080"
[2023.03.10-16.02.03:373][629]LogRenderer: Reallocating scene render targets to support 1920x1080 Format 10 NumSamples 1 (Frame:561).
[2023.03.10-16.02.05:111][714]r.SetRes = "640 x480"
[2023.03.10-16.02.05:186][714]LogRenderer: Reallocating scene render targets to support 640x480 Format 10 NumSamples 1 (Frame:648).
[2023.03.10-16.02.06:700][ 25]r.SetRes = "1920 x 1080"
[2023.03.10-16.02.06:749][ 25]LogRenderer: Reallocating scene render targets to support 1920x1080 Format 10 NumSamples 1 (Frame:961).
[2023.03.10-16.02.07:667][ 82]r.SetRes = "1280 x 720"
[2023.03.10-16.02.07:805][ 83]LogRenderer: Reallocating scene render targets to support 1280x720 Format 10 NumSamples 1 (Frame:1022).
[2023.03.10-16.02.12:046][556]Closing by request
[2023.03.10-16.02.12:047][556]LogWindows: FPlatformMisc::RequestExit(0)
[2023.03.10-16.02.12:047][556]LogCore: Engine exit requested (reason: Win RequestExit)
[2023.03.10-16.02.12:070][557]LogCore: Engine exit requested (reason: EngineExit() was called; note: exit was already requested)
[2023.03.10-16.02.12:095][557]LogAudioMixer: Display: Flush succeeded in the source manager command queue (1).
[2023.03.10-16.02.12:115][557]LogAudioMixer: Display: Flush succeeded the source manager command queue (2).
[2023.03.10-16.02.12:120][557]LogInit: Display: PreExit Game.
[2023.03.10-16.02.12:120][557]LogWorld: BeginTearingDown for /Game/FirstPersonBP/Maps/Zero
[2023.03.10-16.02.12:120][557]LogWorld: UWorld::CleanupWorld for Zero, bSessionEnded=true, bCleanupResources=true
[2023.03.10-16.02.12:121][557]LogSlate: InvalidateAllWidgets triggered.  All widgets were invalidated
[2023.03.10-16.02.13:020][557]LogSlate: Window 'firstpersongame (64-bit Development PCD3D_SM5) ' being destroyed
[2023.03.10-16.02.13:021][557]LogWindowsTextInputMethodSystem: Display: IME system now deactivated.
[2023.03.10-16.02.13:028][557]LogWindowsTextInputMethodSystem: Display: IME system now deactivated.
[2023.03.10-16.02.13:034][557]LogExit: Preparing to exit.
[2023.03.10-16.02.13:768][557]LogMoviePlayer: Shutting down movie player
[2023.03.10-16.02.13:981][557]LogSlate: Updating window title bar state: overlay mode, drag disabled, window buttons hidden, title bar hidden
[2023.03.10-16.02.13:987][557]LogDemo: Cleaned up 0 splitscreen connections with owner deletion
[2023.03.10-16.02.13:995][557]LogExit: Game engine shut down
[2023.03.10-16.02.14:092][557]LogExit: Object subsystem successfully closed.
[2023.03.10-16.02.14:111][557]LogShaderCompilers: Display: Shaders left to compile 0
[2023.03.10-16.02.14:135][557]LogModuleManager: Shutting down and abandoning module SequenceRecorderSections (434)
[2023.03.10-16.02.14:135][557]LogModuleManager: Shutting down and abandoning module SequenceRecorder (432)
[2023.03.10-16.02.14:135][557]LogModuleManager: Shutting down and abandoning module AutomationController (430)
[2023.03.10-16.02.14:135][557]LogModuleManager: Shutting down and abandoning module AutomationWorker (428)
[2023.03.10-16.02.14:135][557]LogModuleManager: Shutting down and abandoning module Voice (426)
[2023.03.10-16.02.14:135][557]LogModuleManager: Shutting down and abandoning module AIModule (424)
[2023.03.10-16.02.14:135][557]LogModuleManager: Shutting down and abandoning module GameplayDebugger (423)
[2023.03.10-16.02.14:135][557]LogModuleManager: Shutting down and abandoning module AITestSuite (421)
[2023.03.10-16.02.14:136][557]LogModuleManager: Shutting down and abandoning module NavigationSystem (419)
[2023.03.10-16.02.14:136][557]LogModuleManager: Shutting down and abandoning module OculusMR (416)
[2023.03.10-16.02.14:136][557]LogModuleManager: Shutting down and abandoning module WmfMediaFactory (414)
[2023.03.10-16.02.14:136][557]LogModuleManager: Shutting down and abandoning module WebMMediaFactory (412)
[2023.03.10-16.02.14:136][557]LogModuleManager: Shutting down and abandoning module WebMMedia (410)
[2023.03.10-16.02.14:136][557]LogModuleManager: Shutting down and abandoning module OpenExrWrapper (408)
[2023.03.10-16.02.14:136][557]LogModuleManager: Shutting down and abandoning module ImgMediaFactory (406)
[2023.03.10-16.02.14:136][557]LogModuleManager: Shutting down and abandoning module AvfMediaFactory (404)
[2023.03.10-16.02.14:136][557]LogModuleManager: Shutting down and abandoning module MagicLeapMediaCodecFactory (402)
[2023.03.10-16.02.14:136][557]LogModuleManager: Shutting down and abandoning module MagicLeapMediaFactory (400)
[2023.03.10-16.02.14:136][557]LogModuleManager: Shutting down and abandoning module CharacterAI (398)
[2023.03.10-16.02.14:136][557]LogModuleManager: Shutting down and abandoning module SessionServices (396)
[2023.03.10-16.02.14:136][557]LogModuleManager: Shutting down and abandoning module MovieSceneCapture (394)
[2023.03.10-16.02.14:136][557]LogModuleManager: Shutting down and abandoning module LiveCoding (392)
[2023.03.10-16.02.14:136][557]LogModuleManager: Shutting down and abandoning module LevelSequence (390)
[2023.03.10-16.02.14:136][557]LogModuleManager: Shutting down and abandoning module MovieSceneTracks (388)
[2023.03.10-16.02.14:136][557]LogModuleManager: Shutting down and abandoning module MovieScene (386)
[2023.03.10-16.02.14:136][557]LogModuleManager: Shutting down and abandoning module StreamingPauseRendering (384)
[2023.03.10-16.02.14:136][557]LogModuleManager: Shutting down and abandoning module PortalServices (382)
[2023.03.10-16.02.14:136][557]LogModuleManager: Shutting down and abandoning module PortalRpc (380)
[2023.03.10-16.02.14:136][557]LogModuleManager: Shutting down and abandoning module MessagingRpc (378)
[2023.03.10-16.02.14:136][557]LogModuleManager: Shutting down and abandoning module AudioMixerXAudio2 (376)
[2023.03.10-16.02.14:136][557]LogModuleManager: Shutting down and abandoning module ImageWriteQueue (374)
[2023.03.10-16.02.14:139][557]LogModuleManager: Shutting down and abandoning module ProfilerService (372)
[2023.03.10-16.02.14:366][557]LogModuleManager: Shutting down and abandoning module TaskGraph (370)
[2023.03.10-16.02.14:366][557]LogModuleManager: Shutting down and abandoning module ProceduralMeshComponent (368)
[2023.03.10-16.02.14:366][557]LogModuleManager: Shutting down and abandoning module OculusInput (366)
[2023.03.10-16.02.14:366][557]LogModuleManager: Shutting down and abandoning module MobilePatchingUtils (364)
[2023.03.10-16.02.14:366][557]LogModuleManager: Shutting down and abandoning module EditableMesh (362)
[2023.03.10-16.02.14:366][557]LogModuleManager: Shutting down and abandoning module CustomMeshComponent (360)
[2023.03.10-16.02.14:367][557]LogModuleManager: Shutting down and abandoning module CableComponent (358)
[2023.03.10-16.02.14:367][557]LogModuleManager: Shutting down and abandoning module AudioCapture (356)
[2023.03.10-16.02.14:367][557]LogModuleManager: Shutting down and abandoning module AudioCaptureRtAudio (355)
[2023.03.10-16.02.14:367][557]LogModuleManager: Shutting down and abandoning module AssetTags (352)
[2023.03.10-16.02.14:367][557]LogModuleManager: Shutting down and abandoning module ArchVisCharacter (350)
[2023.03.10-16.02.14:367][557]LogModuleManager: Shutting down and abandoning module AppleImageUtilsBlueprintSupport (348)
[2023.03.10-16.02.14:367][557]LogModuleManager: Shutting down and abandoning module AppleImageUtils (346)
[2023.03.10-16.02.14:367][557]LogModuleManager: Shutting down and abandoning module AndroidPermission (344)
[2023.03.10-16.02.14:367][557]LogModuleManager: Shutting down and abandoning module NUTUnrealEngine4 (342)
[2023.03.10-16.02.14:367][557]LogModuleManager: Shutting down and abandoning module NetcodeUnitTest (340)
[2023.03.10-16.02.14:367][557]LogModuleManager: Shutting down and abandoning module MediaCompositing (338)
[2023.03.10-16.02.14:367][557]LogModuleManager: Shutting down and abandoning module ImgMedia (336)
[2023.03.10-16.02.14:367][557]LogModuleManager: Shutting down and abandoning module MagicLeapHelperVulkan (334)
[2023.03.10-16.02.14:367][557]LogModuleManager: Shutting down and abandoning module MagicLeapHelperOpenGL (332)
[2023.03.10-16.02.14:367][557]LogModuleManager: Shutting down and abandoning module MagicLeapAudio (330)
[2023.03.10-16.02.14:367][557]LogModuleManager: Shutting down and abandoning module GeometryCacheTracks (328)
[2023.03.10-16.02.14:367][557]LogModuleManager: Shutting down and abandoning module GeometryCacheSequencer (327)
[2023.03.10-16.02.14:367][557]LogModuleManager: Shutting down and abandoning module GeometryCache (324)
[2023.03.10-16.02.14:367][557]LogModuleManager: Shutting down and abandoning module GeometryCacheEd (323)
[2023.03.10-16.02.14:367][557]LogModuleManager: Shutting down and abandoning module BackChannel (320)
[2023.03.10-16.02.14:367][557]LogModuleManager: Shutting down and abandoning module AutomationUtils (318)
[2023.03.10-16.02.14:367][557]LogModuleManager: Shutting down and abandoning module VisualStudioSourceCodeAccess (316)
[2023.03.10-16.02.14:367][557]LogModuleManager: Shutting down and abandoning module HotReload (315)
[2023.03.10-16.02.14:367][557]LogModuleManager: Shutting down and abandoning module DirectoryWatcher (314)
[2023.03.10-16.02.14:367][557]LogModuleManager: Shutting down and abandoning module VisualStudioCodeSourceCodeAccess (310)
[2023.03.10-16.02.14:367][557]LogModuleManager: Shutting down and abandoning module UObjectPlugin (308)
[2023.03.10-16.02.14:367][557]LogModuleManager: Shutting down and abandoning module SubversionSourceControl (306)
[2023.03.10-16.02.14:367][557]LogModuleManager: Shutting down and abandoning module PerforceSourceControl (304)
[2023.03.10-16.02.14:367][557]LogModuleManager: Shutting down and abandoning module SourceControl (303)
[2023.03.10-16.02.14:367][557]LogModuleManager: Shutting down and abandoning module CLionSourceCodeAccess (300)
[2023.03.10-16.02.14:367][557]LogModuleManager: Shutting down and abandoning module ActorLayerUtilities (298)
[2023.03.10-16.02.14:367][557]LogModuleManager: Shutting down and abandoning module SignificanceManager (296)
[2023.03.10-16.02.14:367][557]LogModuleManager: Shutting down and abandoning module RuntimePhysXCooking (294)
[2023.03.10-16.02.14:367][557]LogModuleManager: Shutting down and abandoning module PhysXVehiclesEditor (292)
[2023.03.10-16.02.14:367][557]LogModuleManager: Shutting down and abandoning module LocationServicesBPLibrary (288)
[2023.03.10-16.02.14:367][557]LogModuleManager: Shutting down and abandoning module ActorSequence (286)
[2023.03.10-16.02.14:367][557]LogModuleManager: Shutting down and abandoning module UdpMessaging (284)
[2023.03.10-16.02.14:468][557]LogModuleManager: Shutting down and abandoning module TcpMessaging (282)
[2023.03.10-16.02.14:706][557]LogModuleManager: Shutting down and abandoning module MagicLeapPrivileges (280)
[2023.03.10-16.02.14:706][557]LogModuleManager: Shutting down and abandoning module MagicLeapPlanes (278)
[2023.03.10-16.02.14:706][557]LogMagicLeapPlanes: Planes tracker already destroyed.
[2023.03.10-16.02.14:706][557]LogModuleManager: Shutting down and abandoning module MagicLeapIdentity (276)
[2023.03.10-16.02.14:706][557]LogModuleManager: Shutting down and abandoning module MagicLeapSecureStorage (274)
[2023.03.10-16.02.14:706][557]LogModuleManager: Shutting down and abandoning module MagicLeapImageTracker (272)
[2023.03.10-16.02.14:706][557]LogModuleManager: Shutting down and abandoning module MagicLeapHandTracking (270)
[2023.03.10-16.02.14:706][557]LogModuleManager: Shutting down and abandoning module MagicLeapHandMeshing (268)
[2023.03.10-16.02.14:706][557]LogModuleManager: Shutting down and abandoning module MagicLeapEyeTracker (266)
[2023.03.10-16.02.14:706][557]LogModuleManager: Shutting down and abandoning module MagicLeapController (264)
[2023.03.10-16.02.14:706][557]LogSlate: Slate User Destroyed.  User Index 0, Is Virtual User: 0
[2023.03.10-16.02.14:706][557]LogModuleManager: Shutting down and abandoning module MagicLeapARPin (262)
[2023.03.10-16.02.14:706][557]LogModuleManager: Shutting down and abandoning module MagicLeapAR (260)
[2023.03.10-16.02.14:706][557]LogModuleManager: Shutting down and abandoning module AugmentedReality (259)
[2023.03.10-16.02.14:706][557]LogModuleManager: Shutting down and abandoning module GameplayTagsEditor (256)
[2023.03.10-16.02.14:706][557]LogModuleManager: Shutting down and abandoning module FacialAnimation (254)
[2023.03.10-16.02.14:706][557]LogModuleManager: Shutting down and abandoning module AssetManagerEditor (252)
[2023.03.10-16.02.14:706][557]LogModuleManager: Shutting down and abandoning module TreeMap (251)
[2023.03.10-16.02.14:706][557]LogModuleManager: Shutting down and abandoning module AnimationSharing (248)
[2023.03.10-16.02.14:706][557]LogModuleManager: Shutting down and abandoning module LightPropagationVolumeRuntime (246)
[2023.03.10-16.02.14:706][557]LogModuleManager: Shutting down and abandoning module Paper2D (244)
[2023.03.10-16.02.14:706][557]LogModuleManager: Shutting down and abandoning module WindowsMoviePlayer (242)
[2023.03.10-16.02.14:709][557]LogModuleManager: Shutting down and abandoning module WebMMoviePlayer (240)
[2023.03.10-16.02.14:709][557]LogModuleManager: Shutting down and abandoning module NetworkReplayStreaming (238)
[2023.03.10-16.02.14:709][557]LogModuleManager: Shutting down and abandoning module PacketHandler (236)
[2023.03.10-16.02.14:709][557]LogModuleManager: Shutting down and abandoning module ClothingSystemEditor (234)
[2023.03.10-16.02.14:709][557]LogModuleManager: Shutting down and abandoning module ClothingSystemRuntimeNv (232)
[2023.03.10-16.02.14:718][557]LogModuleManager: Shutting down and abandoning module MediaAssets (230)
[2023.03.10-16.02.14:718][557]LogModuleManager: Shutting down and abandoning module Overlay (228)
[2023.03.10-16.02.14:718][557]LogModuleManager: Shutting down and abandoning module OverlayEditor (227)
[2023.03.10-16.02.14:718][557]LogModuleManager: Shutting down and abandoning module VREditor (224)
[2023.03.10-16.02.14:718][557]LogModuleManager: Shutting down and abandoning module StringTableEditor (222)
[2023.03.10-16.02.14:718][557]LogModuleManager: Shutting down and abandoning module GameplayTasksEditor (220)
[2023.03.10-16.02.14:718][557]LogModuleManager: Shutting down and abandoning module BehaviorTreeEditor (218)
[2023.03.10-16.02.14:718][557]LogModuleManager: Shutting down and abandoning module FunctionalTesting (216)
[2023.03.10-16.02.14:718][557]LogModuleManager: Shutting down and abandoning module CollisionAnalyzer (214)
[2023.03.10-16.02.14:718][557]LogModuleManager: Shutting down and abandoning module WorkspaceMenuStructure (213)
[2023.03.10-16.02.14:718][557]LogModuleManager: Shutting down and abandoning module UMG (210)
[2023.03.10-16.02.14:718][557]LogModuleManager: Shutting down and abandoning module UMGEditor (209)
[2023.03.10-16.02.14:718][557]LogModuleManager: Shutting down and abandoning module Sequencer (208)
[2023.03.10-16.02.14:718][557]LogModuleManager: Shutting down and abandoning module MessageLog (205)
[2023.03.10-16.02.14:718][557]LogModuleManager: Shutting down and abandoning module SlateReflector (200)
[2023.03.10-16.02.14:718][557]LogModuleManager: Shutting down and abandoning module Slate (198)
[2023.03.10-16.02.14:719][557]LogModuleManager: Shutting down and abandoning module SlateCore (196)
[2023.03.10-16.02.14:719][557]LogModuleManager: Shutting down and abandoning module LandscapeEditorUtilities (194)
[2023.03.10-16.02.14:719][557]LogModuleManager: Shutting down and abandoning module EditorStyle (192)
[2023.03.10-16.02.14:721][557]LogModuleManager: Shutting down and abandoning module UnrealEd (190)
[2023.03.10-16.02.14:721][557]LogModuleManager: Shutting down and abandoning module MRMesh (188)
[2023.03.10-16.02.14:721][557]LogModuleManager: Shutting down and abandoning module Messaging (186)
[2023.03.10-16.02.14:721][557]LogModuleManager: Shutting down and abandoning module SourceCodeAccess (184)
[2023.03.10-16.02.14:721][557]LogModuleManager: Shutting down and abandoning module HeadMountedDisplay (182)
[2023.03.10-16.02.14:721][557]LogModuleManager: Shutting down and abandoning module XAudio2 (180)
[2023.03.10-16.02.14:721][557]LogModuleManager: Shutting down and abandoning module Networking (178)
[2023.03.10-16.02.14:721][557]LogModuleManager: Shutting down and abandoning module Core (176)
[2023.03.10-16.02.14:721][557]LogModuleManager: Shutting down and abandoning module MovieSceneTools (174)
[2023.03.10-16.02.14:721][557]LogModuleManager: Shutting down and abandoning module KismetCompiler (172)
[2023.03.10-16.02.14:721][557]LogModuleManager: Shutting down and abandoning module MeshUtilities (170)
[2023.03.10-16.02.14:722][557]LogModuleManager: Shutting down and abandoning module MeshMergeUtilities (169)
[2023.03.10-16.02.14:722][557]LogModuleManager: Shutting down and abandoning module MeshReductionInterface (168)
[2023.03.10-16.02.14:722][557]LogModuleManager: Shutting down and abandoning module MeshBoneReduction (167)
[2023.03.10-16.02.14:722][557]LogModuleManager: Shutting down and abandoning module SkeletalMeshReduction (165)
[2023.03.10-16.02.14:722][557]LogModuleManager: Shutting down and abandoning module ProxyLODMeshReduction (163)
[2023.03.10-16.02.14:722][557]LogModuleManager: Shutting down and abandoning module QuadricMeshReduction (161)
[2023.03.10-16.02.14:722][557]LogModuleManager: Shutting down and abandoning module MaterialBaking (157)
[2023.03.10-16.02.14:722][557]LogModuleManager: Shutting down and abandoning module NullInstallBundleManager (152)
[2023.03.10-16.02.14:722][557]LogModuleManager: Shutting down and abandoning module PIEPreviewDeviceProfileSelector (150)
[2023.03.10-16.02.14:722][557]LogModuleManager: Shutting down and abandoning module DerivedDataCache (148)
[2023.03.10-16.02.14:722][557]LogDerivedDataCache: Shutdown
[2023.03.10-16.02.14:722][557]LogModuleManager: Shutting down and abandoning module XGEController (146)
[2023.03.10-16.02.14:722][557]LogModuleManager: Shutting down and abandoning module TargetPlatform (144)
[2023.03.10-16.02.14:722][557]LogModuleManager: Shutting down and abandoning module VulkanShaderFormat (143)
[2023.03.10-16.02.14:722][557]LogModuleManager: Shutting down and abandoning module ShaderFormatVectorVM (141)
[2023.03.10-16.02.14:722][557]LogModuleManager: Shutting down and abandoning module ShaderFormatOpenGL (139)
[2023.03.10-16.02.14:722][557]LogModuleManager: Shutting down and abandoning module ShaderFormatD3D (137)
[2023.03.10-16.02.14:722][557]LogModuleManager: Shutting down and abandoning module MetalShaderFormat (135)
[2023.03.10-16.02.14:722][557]LogModuleManager: Shutting down and abandoning module TextureFormatUncompressed (133)
[2023.03.10-16.02.14:722][557]LogModuleManager: Shutting down and abandoning module TextureFormatPVR (131)
[2023.03.10-16.02.14:722][557]LogModuleManager: Shutting down and abandoning module TextureFormatDXT (129)
[2023.03.10-16.02.14:722][557]LogModuleManager: Shutting down and abandoning module TextureFormatIntelISPCTexComp (127)
[2023.03.10-16.02.14:722][557]LogModuleManager: Shutting down and abandoning module TextureFormatASTC (125)
[2023.03.10-16.02.14:722][557]LogModuleManager: Shutting down and abandoning module ImageWrapper (124)
[2023.03.10-16.02.14:722][557]LogModuleManager: Shutting down and abandoning module TextureFormatAndroid (121)
[2023.03.10-16.02.14:722][557]LogModuleManager: Shutting down and abandoning module AudioFormatOpus (119)
[2023.03.10-16.02.14:722][557]LogModuleManager: Shutting down and abandoning module AudioFormatOgg (117)
[2023.03.10-16.02.14:722][557]LogModuleManager: Shutting down and abandoning module AudioFormatADPCM (115)
[2023.03.10-16.02.14:722][557]LogModuleManager: Shutting down and abandoning module WindowsServerTargetPlatform (113)
[2023.03.10-16.02.14:722][557]LogModuleManager: Shutting down and abandoning module WindowsClientTargetPlatform (111)
[2023.03.10-16.02.14:722][557]LogModuleManager: Shutting down and abandoning module WindowsTargetPlatform (109)
[2023.03.10-16.02.14:723][557]LogModuleManager: Shutting down and abandoning module WindowsNoEditorTargetPlatform (107)
[2023.03.10-16.02.14:723][557]LogModuleManager: Shutting down and abandoning module InputCore (104)
[2023.03.10-16.02.14:723][557]LogModuleManager: Shutting down and abandoning module Settings (102)
[2023.03.10-16.02.14:723][557]LogModuleManager: Shutting down and abandoning module PhysXCooking (100)
[2023.03.10-16.02.14:723][557]LogModuleManager: Shutting down and abandoning module ChaosSolvers (98)
[2023.03.10-16.02.14:723][557]LogModuleManager: Shutting down and abandoning module FieldSystemEngine (97)
[2023.03.10-16.02.14:723][557]LogModuleManager: Shutting down and abandoning module Chaos (94)
[2023.03.10-16.02.14:723][557]LogModuleManager: Shutting down and abandoning module WindowsPlatformFeatures (92)
[2023.03.10-16.02.14:723][557]LogModuleManager: Shutting down and abandoning module GameplayMediaEncoder (91)
[2023.03.10-16.02.14:723][557]LogModuleManager: Shutting down and abandoning module SteamVRInputDevice (88)
[2023.03.10-16.02.14:723][557]LogModuleManager: Shutting down and abandoning module SteamVRInput (86)
[2023.03.10-16.02.14:723][557]LogModuleManager: Shutting down and abandoning module SteamVR (84)
[2023.03.10-16.02.14:723][557]LogHMD: Freeing OpenVRDLLHandle.
[2023.03.10-16.02.14:723][557]LogModuleManager: Shutting down and abandoning module OculusHMD (82)
[2023.03.10-16.02.14:723][557]LogModuleManager: Shutting down and abandoning module ExampleDeviceProfileSelector (80)
[2023.03.10-16.02.14:723][557]LogModuleManager: Shutting down and abandoning module LauncherChunkInstaller (78)
[2023.03.10-16.02.14:723][557]LogModuleManager: Shutting down and abandoning module OnlineBlueprintSupport (76)
[2023.03.10-16.02.14:723][557]LogModuleManager: Shutting down and abandoning module OnlineSubsystem (72)
[2023.03.10-16.02.14:724][557]LogModuleManager: Shutting down and abandoning module XMPP (67)
[2023.03.10-16.02.14:724][557]LogModuleManager: Shutting down and abandoning module WebSockets (66)
[2023.03.10-16.02.14:750][557]LogModuleManager: Shutting down and abandoning module HTTP (63)
[2023.03.10-16.02.14:775][557]LogModuleManager: Shutting down and abandoning module SSL (62)
[2023.03.10-16.02.14:776][557]LogModuleManager: Shutting down and abandoning module WmfMedia (58)
[2023.03.10-16.02.14:778][557]LogModuleManager: Shutting down and abandoning module Media (57)
[2023.03.10-16.02.14:778][557]LogModuleManager: Shutting down and abandoning module MagicLeap (54)
[2023.03.10-16.02.14:778][557]LogModuleManager: Shutting down and abandoning module VariantManagerContent (52)
[2023.03.10-16.02.14:778][557]LogModuleManager: Shutting down and abandoning module DatasmithContent (50)
[2023.03.10-16.02.14:779][557]LogModuleManager: Shutting down and abandoning module AISupportModule (48)
[2023.03.10-16.02.14:779][557]LogModuleManager: Shutting down and abandoning module DesktopPlatform (46)
[2023.03.10-16.02.14:779][557]LogModuleManager: Shutting down and abandoning module PlatformCryptoOpenSSL (44)
[2023.03.10-16.02.14:779][557]LogModuleManager: Shutting down and abandoning module PlatformCryptoTypes (42)
[2023.03.10-16.02.14:779][557]LogModuleManager: Shutting down and abandoning module PlatformCrypto (40)
[2023.03.10-16.02.14:779][557]LogModuleManager: Shutting down and abandoning module AnimationModifiers (38)
[2023.03.10-16.02.14:779][557]LogModuleManager: Shutting down and abandoning module PropertyEditor (37)
[2023.03.10-16.02.14:779][557]LogModuleManager: Shutting down and abandoning module AudioEditor (34)
[2023.03.10-16.02.14:780][557]LogModuleManager: Shutting down and abandoning module TextureCompressor (32)
[2023.03.10-16.02.14:780][557]LogModuleManager: Shutting down and abandoning module RenderCore (30)
[2023.03.10-16.02.14:780][557]LogModuleManager: Shutting down and abandoning module Landscape (28)
[2023.03.10-16.02.14:780][557]LogModuleManager: Shutting down and abandoning module SlateRHIRenderer (26)
[2023.03.10-16.02.14:781][557]LogModuleManager: Shutting down and abandoning module OpenGLDrv (24)
[2023.03.10-16.02.14:781][557]LogModuleManager: Shutting down and abandoning module D3D11RHI (22)
[2023.03.10-16.02.14:781][557]LogModuleManager: Shutting down and abandoning module AnimGraphRuntime (20)
[2023.03.10-16.02.14:781][557]LogModuleManager: Shutting down and abandoning module Renderer (18)
[2023.03.10-16.02.14:781][557]LogModuleManager: Shutting down and abandoning module Engine (16)
[2023.03.10-16.02.14:781][557]LogModuleManager: Shutting down and abandoning module CoreUObject (14)
[2023.03.10-16.02.14:781][557]LogModuleManager: Shutting down and abandoning module NetworkFile (12)
[2023.03.10-16.02.14:781][557]LogModuleManager: Shutting down and abandoning module CookedIterativeFile (10)
[2023.03.10-16.02.14:781][557]LogModuleManager: Shutting down and abandoning module StreamingFile (8)
[2023.03.10-16.02.14:781][557]LogModuleManager: Shutting down and abandoning module SandboxFile (6)
[2023.03.10-16.02.14:781][557]LogModuleManager: Shutting down and abandoning module PakFile (4)
[2023.03.10-16.02.14:781][557]LogModuleManager: Shutting down and abandoning module RSA (3)
[2023.03.10-16.02.14:782][557]LogD3D11RHI: Shutdown
[2023.03.10-16.02.14:782][557]LogD3D11RHI: CleanupD3DDevice
[2023.03.10-16.02.14:788][557]LogExit: Exiting.
[2023.03.10-16.02.14:826][557]Log file closed, 03/10/23 13:02:14
