Log file open, 04/04/23 17:49:56
LogWindows: Failed to load 'aqProf.dll' (GetLastError=126)
LogWindows: File 'aqProf.dll' does not exist
LogWindows: Failed to load 'VtuneApi.dll' (GetLastError=126)
LogWindows: File 'VtuneApi.dll' does not exist
LogWindows: Failed to load 'VtuneApi32e.dll' (GetLastError=126)
LogWindows: File 'VtuneApi32e.dll' does not exist
LogConsoleResponse: Display: Failed to find resolution value strings in scalability ini. Falling back to default.
LogInit: Display: Running engine for game: firstpersongame
LogPlatformFile: Not using cached read wrapper
LogTaskGraph: Started task graph with 5 named threads and 11 total threads with 3 sets of task threads.
LogStats: Stats thread started at 24.664105
LogD3D11RHI: Loaded GFSDK_Aftermath_Lib.x64.dll
LogICUInternationalization: ICU TimeZone Detection - Raw Offset: -3:00, Platform Override: ''
LogPluginManager: Mounting plugin Paper2D
LogPluginManager: Mounting plugin AISupport
LogPluginManager: Mounting plugin LightPropagationVolume
LogPluginManager: Mounting plugin ActorLayerUtilities
LogPluginManager: Mounting plugin AnimationSharing
LogPluginManager: Mounting plugin CLionSourceCodeAccess
LogPluginManager: Mounting plugin CodeLiteSourceCodeAccess
LogPluginManager: Mounting plugin GitSourceControl
LogPluginManager: Mounting plugin KDevelopSourceCodeAccess
LogPluginManager: Mounting plugin NullSourceCodeAccess
LogPluginManager: Mounting plugin PerforceSourceControl
LogPluginManager: Mounting plugin PlasticSourceControl
LogPluginManager: Mounting plugin SubversionSourceControl
LogPluginManager: Mounting plugin UObjectPlugin
LogPluginManager: Mounting plugin VisualStudioCodeSourceCodeAccess
LogPluginManager: Mounting plugin VisualStudioSourceCodeAccess
LogPluginManager: Mounting plugin XCodeSourceCodeAccess
LogPluginManager: Mounting plugin AssetManagerEditor
LogPluginManager: Mounting plugin CryptoKeys
LogPluginManager: Mounting plugin CurveEditorTools
LogPluginManager: Mounting plugin DataValidation
LogPluginManager: Mounting plugin FacialAnimation
LogPluginManager: Mounting plugin GameplayTagsEditor
LogPluginManager: Mounting plugin MacGraphicsSwitching
LogPluginManager: Mounting plugin MaterialAnalyzer
LogPluginManager: Mounting plugin MobileLauncherProfileWizard
LogPluginManager: Mounting plugin PluginBrowser
LogPluginManager: Mounting plugin SpeedTreeImporter
LogPluginManager: Mounting plugin DatasmithContent
LogPluginManager: Mounting plugin VariantManagerContent
LogPluginManager: Mounting plugin AlembicImporter
LogPluginManager: Mounting plugin AutomationUtils
LogPluginManager: Mounting plugin BackChannel
LogPluginManager: Mounting plugin CharacterAI
LogPluginManager: Mounting plugin GeometryCache
LogPluginManager: Mounting plugin PlatformCrypto
LogPluginManager: Mounting plugin ProxyLODPlugin
LogPluginManager: Mounting plugin SkeletalReduction
LogPluginManager: Mounting plugin MagicLeap
LogPluginManager: Mounting plugin MagicLeapMedia
LogPluginManager: Mounting plugin MLSDK
LogPluginManager: Mounting plugin AndroidMedia
LogPluginManager: Mounting plugin AvfMedia
LogPluginManager: Mounting plugin ImgMedia
LogPluginManager: Mounting plugin MediaCompositing
LogPluginManager: Mounting plugin MediaPlayerEditor
LogPluginManager: Mounting plugin WebMMedia
LogPluginManager: Mounting plugin WmfMedia
LogPluginManager: Mounting plugin TcpMessaging
LogPluginManager: Mounting plugin UdpMessaging
LogPluginManager: Mounting plugin ActorSequence
LogPluginManager: Mounting plugin LevelSequenceEditor
LogPluginManager: Mounting plugin MatineeToLevelSequence
LogPluginManager: Mounting plugin NetcodeUnitTest
LogPluginManager: Mounting plugin NUTUnrealEngine4
LogPluginManager: Mounting plugin OnlineSubsystemGooglePlay
LogPluginManager: Mounting plugin OnlineSubsystemIOS
LogPluginManager: Mounting plugin OnlineSubsystem
LogPluginManager: Mounting plugin OnlineSubsystemNull
LogPluginManager: Mounting plugin OnlineSubsystemUtils
LogPluginManager: Mounting plugin LauncherChunkInstaller
LogPluginManager: Mounting plugin AndroidDeviceProfileSelector
LogPluginManager: Mounting plugin AndroidMoviePlayer
LogPluginManager: Mounting plugin AndroidPermission
LogPluginManager: Mounting plugin AppleImageUtils
LogPluginManager: Mounting plugin AppleMoviePlayer
LogPluginManager: Mounting plugin ArchVisCharacter
LogPluginManager: Mounting plugin AssetTags
LogPluginManager: Mounting plugin AudioCapture
LogPluginManager: Mounting plugin CableComponent
LogPluginManager: Mounting plugin CustomMeshComponent
LogPluginManager: Mounting plugin EditableMesh
LogPluginManager: Mounting plugin ExampleDeviceProfileSelector
LogPluginManager: Mounting plugin GoogleCloudMessaging
LogPluginManager: Mounting plugin IOSDeviceProfileSelector
LogPluginManager: Mounting plugin LinuxDeviceProfileSelector
LogPluginManager: Mounting plugin LocationServicesBPLibrary
LogPluginManager: Mounting plugin MobilePatchingUtils
LogPluginManager: Mounting plugin OculusVR
LogPluginManager: Mounting plugin PhysXVehicles
LogPluginManager: Mounting plugin PostSplashScreen
LogPluginManager: Mounting plugin ProceduralMeshComponent
LogPluginManager: Mounting plugin RuntimePhysXCooking
LogPluginManager: Mounting plugin SignificanceManager
LogPluginManager: Mounting plugin SteamVR
LogPluginManager: Mounting plugin WebMMoviePlayer
LogPluginManager: Mounting plugin WindowsMoviePlayer
LogPluginManager: Mounting plugin ScreenshotTools
LogInit: Using libcurl 7.55.1-DEV
LogInit:  - built for x86_64-pc-win32
LogInit:  - supports SSL with OpenSSL/1.1.1
LogInit:  - supports HTTP deflate (compression) using libz 1.2.8
LogInit:  - other features:
LogInit:      CURL_VERSION_SSL
LogInit:      CURL_VERSION_LIBZ
LogInit:      CURL_VERSION_IPV6
LogInit:      CURL_VERSION_ASYNCHDNS
LogInit:      CURL_VERSION_LARGEFILE
LogInit:      CURL_VERSION_IDN
LogInit:  CurlRequestOptions (configurable via config and command line):
LogInit:  - bVerifyPeer = true  - Libcurl will verify peer certificate
LogInit:  - bUseHttpProxy = false  - Libcurl will NOT use HTTP proxy
LogInit:  - bDontReuseConnections = false  - Libcurl will reuse connections
LogInit:  - MaxHostConnections = 16  - Libcurl will limit the number of connections to a host
LogInit:  - LocalHostAddr = Default
LogInit:  - BufferSize = 65536
LogOnline: OSS: Creating online subsystem instance for: NULL
LogInit: WinSock: version 1.1 (2.2), MaxSocks=32767, MaxUdp=65467
LogOnline: OSS: TryLoadSubsystemAndSetDefault: Loaded subsystem for module [NULL]
LogInit: Build: ++UE4+Release-4.24-CL-11590370
LogInit: Engine Version: 4.24.3-11590370+++UE4+Release-4.24
LogInit: Compatible Engine Version: 4.24.0-10570792+++UE4+Release-4.24
LogInit: Net CL: 10570792
LogInit: OS: Windows 10 (Release 2009) (), CPU: Intel(R) Core(TM) i7-7500U CPU @ 2.70GHz, GPU: Intel(R) HD Graphics 620
LogInit: Compiled (64-bit): Feb 24 2020 15:39:18
LogInit: Compiled with Visual C++: 19.16.27032.01
LogInit: Build Configuration: Development
LogInit: Branch Name: ++UE4+Release-4.24
LogInit: Command Line: 
LogInit: Base Directory: C:/Program Files/Epic Games/UE_4.24/Engine/Binaries/Win64/
LogInit: Installed Engine Build: 1
LogDevObjectVersion: Number of dev versions registered: 25
LogDevObjectVersion:   Dev-Blueprints (B0D832E4-1F89-4F0D-ACCF-7EB736FD4AA2): 10
LogDevObjectVersion:   Dev-Build (E1C64328-A22C-4D53-A36C-8E866417BD8C): 0
LogDevObjectVersion:   Dev-Core (375EC13C-06E4-48FB-B500-84F0262A717E): 3
LogDevObjectVersion:   Dev-Editor (E4B068ED-F494-42E9-A231-DA0B2E46BB41): 37
LogDevObjectVersion:   Dev-Framework (CFFC743F-43B0-4480-9391-14DF171D2073): 36
LogDevObjectVersion:   Dev-Mobile (B02B49B5-BB20-44E9-A304-32B752E40360): 2
LogDevObjectVersion:   Dev-Networking (A4E4105C-59A1-49B5-A7C5-40C4547EDFEE): 0
LogDevObjectVersion:   Dev-Online (39C831C9-5AE6-47DC-9A44-9C173E1C8E7C): 0
LogDevObjectVersion:   Dev-Physics (78F01B33-EBEA-4F98-B9B4-84EACCB95AA2): 2
LogDevObjectVersion:   Dev-Platform (6631380F-2D4D-43E0-8009-CF276956A95A): 0
LogDevObjectVersion:   Dev-Rendering (12F88B9F-8875-4AFC-A67C-D90C383ABD29): 36
LogDevObjectVersion:   Dev-Sequencer (7B5AE74C-D270-4C10-A958-57980B212A5A): 11
LogDevObjectVersion:   Dev-VR (D7296918-1DD6-4BDD-9DE2-64A83CC13884): 2
LogDevObjectVersion:   Dev-LoadTimes (C2A15278-BFE7-4AFE-6C17-90FF531DF755): 1
LogDevObjectVersion:   Private-Geometry (6EACA3D4-40EC-4CC1-B786-8BED09428FC5): 3
LogDevObjectVersion:   Dev-AnimPhys (29E575DD-E0A3-4627-9D10-D276232CDCEA): 17
LogDevObjectVersion:   Dev-Anim (AF43A65D-7FD3-4947-9873-3E8ED9C1BB05): 2
LogDevObjectVersion:   Dev-ReflectionCapture (6B266CEC-1EC7-4B8F-A30B-E4D90942FC07): 1
LogDevObjectVersion:   Dev-Automation (0DF73D61-A23F-47EA-B727-89E90C41499A): 1
LogDevObjectVersion:   FortniteMain (601D1886-AC64-4F84-AA16-D3DE0DEAC7D6): 31
LogDevObjectVersion:   Dev-Enterprise (9DFFBCD6-494F-0158-E221-12823C92A888): 8
LogDevObjectVersion:   Dev-Niagara (F2AED0AC-9AFE-416F-8664-AA7FFA26D6FC): 1
LogDevObjectVersion:   Dev-Destruction (174F1F0B-B4C6-45A5-B13F-2EE8D0FB917D): 9
LogDevObjectVersion:   Dev-Physics-Ext (35F94A83-E258-406C-A318-09F59610247C): 8
LogDevObjectVersion:   Dev-CineCamera (B2E18506-4273-CFC2-A54E-F4BB758BBA07): 1
LogFileManager: Warning: Error deleting file: ../../../../../../Users/lex_i/OneDrive/Desktop/GAMERS/UR4blueprintsUDEMY/FirstpersonGame/firstpersongame/Saved/Logs/firstpersongame_2-backup-2023.03.11-16.07.14.log (Error Code 2)
LogInit: Presizing for max 25165824 objects, including 0 objects not considered by GC, pre-allocating 0 bytes for permanent pool.
LogInit: Object subsystem initialized
LogConfig: Setting CVar [[con.DebugEarlyDefault:1]]
LogConfig: Setting CVar [[r.setres:1280x720]]
[2023.04.04-20.50.15:751][  0]LogConfig: Setting CVar [[r.VSync:0]]
[2023.04.04-20.50.15:751][  0]LogConfig: Setting CVar [[r.RHICmdBypass:0]]
[2023.04.04-20.50.15:793][  0]LogConfig: Applying CVar settings from Section [/Script/Engine.RendererSettings] File [C:/Users/lex_i/OneDrive/Desktop/GAMERS/UR4blueprintsUDEMY/FirstpersonGame/firstpersongame/Saved/Config/Windows/Engine.ini]
[2023.04.04-20.50.15:793][  0]LogConfig: Setting CVar [[r.GPUCrashDebugging:0]]
[2023.04.04-20.50.15:793][  0]LogConfig: Applying CVar settings from Section [/Script/Engine.RendererOverrideSettings] File [C:/Users/lex_i/OneDrive/Desktop/GAMERS/UR4blueprintsUDEMY/FirstpersonGame/firstpersongame/Saved/Config/Windows/Engine.ini]
[2023.04.04-20.50.15:793][  0]LogConfig: Applying CVar settings from Section [/Script/Engine.StreamingSettings] File [C:/Users/lex_i/OneDrive/Desktop/GAMERS/UR4blueprintsUDEMY/FirstpersonGame/firstpersongame/Saved/Config/Windows/Engine.ini]
[2023.04.04-20.50.15:793][  0]LogConfig: Setting CVar [[s.MinBulkDataSizeForAsyncLoading:131072]]
[2023.04.04-20.50.15:793][  0]LogConfig: Setting CVar [[s.AsyncLoadingThreadEnabled:0]]
[2023.04.04-20.50.15:793][  0]LogConfig: Setting CVar [[s.EventDrivenLoaderEnabled:1]]
[2023.04.04-20.50.15:793][  0]LogConfig: Setting CVar [[s.WarnIfTimeLimitExceeded:0]]
[2023.04.04-20.50.15:793][  0]LogConfig: Setting CVar [[s.TimeLimitExceededMultiplier:1.5]]
[2023.04.04-20.50.15:793][  0]LogConfig: Setting CVar [[s.TimeLimitExceededMinTime:0.005]]
[2023.04.04-20.50.15:793][  0]LogConfig: Setting CVar [[s.UseBackgroundLevelStreaming:1]]
[2023.04.04-20.50.15:793][  0]LogConfig: Setting CVar [[s.PriorityAsyncLoadingExtraTime:15.0]]
[2023.04.04-20.50.15:793][  0]LogConfig: Setting CVar [[s.LevelStreamingActorsUpdateTimeLimit:5.0]]
[2023.04.04-20.50.15:793][  0]LogConfig: Setting CVar [[s.PriorityLevelStreamingActorsUpdateExtraTime:5.0]]
[2023.04.04-20.50.15:793][  0]LogConfig: Setting CVar [[s.LevelStreamingComponentsRegistrationGranularity:10]]
[2023.04.04-20.50.15:793][  0]LogConfig: Setting CVar [[s.UnregisterComponentsTimeLimit:1.0]]
[2023.04.04-20.50.15:793][  0]LogConfig: Setting CVar [[s.LevelStreamingComponentsUnregistrationGranularity:5]]
[2023.04.04-20.50.15:793][  0]LogConfig: Setting CVar [[s.FlushStreamingOnExit:1]]
[2023.04.04-20.50.15:793][  0]LogConfig: Applying CVar settings from Section [/Script/Engine.GarbageCollectionSettings] File [C:/Users/lex_i/OneDrive/Desktop/GAMERS/UR4blueprintsUDEMY/FirstpersonGame/firstpersongame/Saved/Config/Windows/Engine.ini]
[2023.04.04-20.50.15:793][  0]LogConfig: Setting CVar [[gc.MaxObjectsNotConsideredByGC:1]]
[2023.04.04-20.50.15:793][  0]LogConfig: Setting CVar [[gc.SizeOfPermanentObjectPool:0]]
[2023.04.04-20.50.15:793][  0]LogConfig: Setting CVar [[gc.FlushStreamingOnGC:0]]
[2023.04.04-20.50.15:793][  0]LogConfig: Setting CVar [[gc.NumRetriesBeforeForcingGC:10]]
[2023.04.04-20.50.15:793][  0]LogConfig: Setting CVar [[gc.AllowParallelGC:1]]
[2023.04.04-20.50.15:793][  0]LogConfig: Setting CVar [[gc.TimeBetweenPurgingPendingKillObjects:61.1]]
[2023.04.04-20.50.15:793][  0]LogConfig: Setting CVar [[gc.MaxObjectsInEditor:25165824]]
[2023.04.04-20.50.15:793][  0]LogConfig: Setting CVar [[gc.IncrementalBeginDestroyEnabled:1]]
[2023.04.04-20.50.15:793][  0]LogConfig: Setting CVar [[gc.CreateGCClusters:1]]
[2023.04.04-20.50.15:793][  0]LogConfig: Setting CVar [[gc.MinGCClusterSize:5]]
[2023.04.04-20.50.15:793][  0]LogConfig: Setting CVar [[gc.ActorClusteringEnabled:0]]
[2023.04.04-20.50.15:793][  0]LogConfig: Setting CVar [[gc.BlueprintClusteringEnabled:0]]
[2023.04.04-20.50.15:793][  0]LogConfig: Setting CVar [[gc.UseDisregardForGCOnDedicatedServers:0]]
[2023.04.04-20.50.15:793][  0]LogConfig: Applying CVar settings from Section [/Script/Engine.NetworkSettings] File [C:/Users/lex_i/OneDrive/Desktop/GAMERS/UR4blueprintsUDEMY/FirstpersonGame/firstpersongame/Saved/Config/Windows/Engine.ini]
[2023.04.04-20.50.15:794][  0]LogConfig: Applying CVar settings from Section [/Script/UnrealEd.CookerSettings] File [C:/Users/lex_i/OneDrive/Desktop/GAMERS/UR4blueprintsUDEMY/FirstpersonGame/firstpersongame/Saved/Config/Windows/Engine.ini]
[2023.04.04-20.50.16:166][  0]LogConfig: Applying CVar settings from Section [ViewDistanceQuality@3] File [C:/Users/lex_i/OneDrive/Desktop/GAMERS/UR4blueprintsUDEMY/FirstpersonGame/firstpersongame/Saved/Config/Windows/Scalability.ini]
[2023.04.04-20.50.16:166][  0]LogConfig: Setting CVar [[r.SkeletalMeshLODBias:0]]
[2023.04.04-20.50.16:166][  0]LogConfig: Setting CVar [[r.ViewDistanceScale:1.0]]
[2023.04.04-20.50.16:167][  0]LogConfig: Applying CVar settings from Section [AntiAliasingQuality@3] File [C:/Users/lex_i/OneDrive/Desktop/GAMERS/UR4blueprintsUDEMY/FirstpersonGame/firstpersongame/Saved/Config/Windows/Scalability.ini]
[2023.04.04-20.50.16:167][  0]LogConfig: Setting CVar [[r.PostProcessAAQuality:4]]
[2023.04.04-20.50.16:167][  0]LogConfig: Applying CVar settings from Section [ShadowQuality@3] File [C:/Users/lex_i/OneDrive/Desktop/GAMERS/UR4blueprintsUDEMY/FirstpersonGame/firstpersongame/Saved/Config/Windows/Scalability.ini]
[2023.04.04-20.50.16:167][  0]LogConfig: Setting CVar [[r.LightFunctionQuality:1]]
[2023.04.04-20.50.16:167][  0]LogConfig: Setting CVar [[r.ShadowQuality:5]]
[2023.04.04-20.50.16:167][  0]LogConfig: Setting CVar [[r.Shadow.CSM.MaxCascades:10]]
[2023.04.04-20.50.16:167][  0]LogConfig: Setting CVar [[r.Shadow.MaxResolution:2048]]
[2023.04.04-20.50.16:167][  0]LogConfig: Setting CVar [[r.Shadow.MaxCSMResolution:2048]]
[2023.04.04-20.50.16:167][  0]LogConfig: Setting CVar [[r.Shadow.RadiusThreshold:0.01]]
[2023.04.04-20.50.16:167][  0]LogConfig: Setting CVar [[r.Shadow.DistanceScale:1.0]]
[2023.04.04-20.50.16:167][  0]LogConfig: Setting CVar [[r.Shadow.CSM.TransitionScale:1.0]]
[2023.04.04-20.50.16:167][  0]LogConfig: Setting CVar [[r.Shadow.PreShadowResolutionFactor:1.0]]
[2023.04.04-20.50.16:167][  0]LogConfig: Setting CVar [[r.DistanceFieldShadowing:1]]
[2023.04.04-20.50.16:167][  0]LogConfig: Setting CVar [[r.DistanceFieldAO:1]]
[2023.04.04-20.50.16:167][  0]LogConfig: Setting CVar [[r.AOQuality:2]]
[2023.04.04-20.50.16:167][  0]LogConfig: Setting CVar [[r.VolumetricFog:1]]
[2023.04.04-20.50.16:167][  0]LogConfig: Setting CVar [[r.VolumetricFog.GridPixelSize:8]]
[2023.04.04-20.50.16:167][  0]LogConfig: Setting CVar [[r.VolumetricFog.GridSizeZ:128]]
[2023.04.04-20.50.16:167][  0]LogConfig: Setting CVar [[r.VolumetricFog.HistoryMissSupersampleCount:4]]
[2023.04.04-20.50.16:167][  0]LogConfig: Setting CVar [[r.LightMaxDrawDistanceScale:1]]
[2023.04.04-20.50.16:167][  0]LogConfig: Setting CVar [[r.CapsuleShadows:1]]
[2023.04.04-20.50.16:167][  0]LogConfig: Applying CVar settings from Section [PostProcessQuality@3] File [C:/Users/lex_i/OneDrive/Desktop/GAMERS/UR4blueprintsUDEMY/FirstpersonGame/firstpersongame/Saved/Config/Windows/Scalability.ini]
[2023.04.04-20.50.16:167][  0]LogConfig: Setting CVar [[r.MotionBlurQuality:4]]
[2023.04.04-20.50.16:167][  0]LogConfig: Setting CVar [[r.AmbientOcclusionMipLevelFactor:0.4]]
[2023.04.04-20.50.16:167][  0]LogConfig: Setting CVar [[r.AmbientOcclusionMaxQuality:100]]
[2023.04.04-20.50.16:168][  0]LogConfig: Setting CVar [[r.AmbientOcclusionLevels:-1]]
[2023.04.04-20.50.16:168][  0]LogConfig: Setting CVar [[r.AmbientOcclusionRadiusScale:1.0]]
[2023.04.04-20.50.16:168][  0]LogConfig: Setting CVar [[r.DepthOfFieldQuality:2]]
[2023.04.04-20.50.16:168][  0]LogConfig: Setting CVar [[r.RenderTargetPoolMin:400]]
[2023.04.04-20.50.16:168][  0]LogConfig: Setting CVar [[r.LensFlareQuality:2]]
[2023.04.04-20.50.16:168][  0]LogConfig: Setting CVar [[r.SceneColorFringeQuality:1]]
[2023.04.04-20.50.16:168][  0]LogConfig: Setting CVar [[r.EyeAdaptationQuality:2]]
[2023.04.04-20.50.16:168][  0]LogConfig: Setting CVar [[r.BloomQuality:5]]
[2023.04.04-20.50.16:168][  0]LogConfig: Setting CVar [[r.FastBlurThreshold:100]]
[2023.04.04-20.50.16:168][  0]LogConfig: Setting CVar [[r.Upscale.Quality:3]]
[2023.04.04-20.50.16:168][  0]LogConfig: Setting CVar [[r.Tonemapper.GrainQuantization:1]]
[2023.04.04-20.50.16:168][  0]LogConfig: Setting CVar [[r.LightShaftQuality:1]]
[2023.04.04-20.50.16:168][  0]LogConfig: Setting CVar [[r.Filter.SizeScale:1]]
[2023.04.04-20.50.16:168][  0]LogConfig: Setting CVar [[r.Tonemapper.Quality:5]]
[2023.04.04-20.50.16:168][  0]LogConfig: Setting CVar [[r.DOF.Gather.AccumulatorQuality:1        ; higher gathering accumulator quality]]
[2023.04.04-20.50.16:168][  0]LogConfig: Setting CVar [[r.DOF.Gather.PostfilterMethod:1          ; Median3x3 postfilering method]]
[2023.04.04-20.50.16:168][  0]LogConfig: Setting CVar [[r.DOF.Gather.EnableBokehSettings:0       ; no bokeh simulation when gathering]]
[2023.04.04-20.50.16:168][  0]LogConfig: Setting CVar [[r.DOF.Gather.RingCount:4                 ; medium number of samples when gathering]]
[2023.04.04-20.50.16:168][  0]LogConfig: Setting CVar [[r.DOF.Scatter.ForegroundCompositing:1    ; additive foreground scattering]]
[2023.04.04-20.50.16:168][  0]LogConfig: Setting CVar [[r.DOF.Scatter.BackgroundCompositing:2    ; additive background scattering]]
[2023.04.04-20.50.16:168][  0]LogConfig: Setting CVar [[r.DOF.Scatter.EnableBokehSettings:1      ; bokeh simulation when scattering]]
[2023.04.04-20.50.16:168][  0]LogConfig: Setting CVar [[r.DOF.Scatter.MaxSpriteRatio:0.1         ; only a maximum of 10% of scattered bokeh]]
[2023.04.04-20.50.16:168][  0]LogConfig: Setting CVar [[r.DOF.Recombine.Quality:1                ; cheap slight out of focus]]
[2023.04.04-20.50.16:168][  0]LogConfig: Setting CVar [[r.DOF.Recombine.EnableBokehSettings:0    ; no bokeh simulation on slight out of focus]]
[2023.04.04-20.50.16:168][  0]LogConfig: Setting CVar [[r.DOF.TemporalAAQuality:1                ; more stable temporal accumulation]]
[2023.04.04-20.50.16:168][  0]LogConfig: Setting CVar [[r.DOF.Kernel.MaxForegroundRadius:0.025]]
[2023.04.04-20.50.16:168][  0]LogConfig: Setting CVar [[r.DOF.Kernel.MaxBackgroundRadius:0.025]]
[2023.04.04-20.50.16:168][  0]LogConfig: Applying CVar settings from Section [TextureQuality@3] File [C:/Users/lex_i/OneDrive/Desktop/GAMERS/UR4blueprintsUDEMY/FirstpersonGame/firstpersongame/Saved/Config/Windows/Scalability.ini]
[2023.04.04-20.50.16:168][  0]LogConfig: Setting CVar [[r.Streaming.MipBias:0]]
[2023.04.04-20.50.16:168][  0]LogConfig: Setting CVar [[r.Streaming.AmortizeCPUToGPUCopy:0]]
[2023.04.04-20.50.16:168][  0]LogConfig: Setting CVar [[r.Streaming.MaxNumTexturesToStreamPerFrame:0]]
[2023.04.04-20.50.16:168][  0]LogConfig: Setting CVar [[r.Streaming.Boost:1]]
[2023.04.04-20.50.16:168][  0]LogConfig: Setting CVar [[r.MaxAnisotropy:8]]
[2023.04.04-20.50.16:168][  0]LogConfig: Setting CVar [[r.VT.MaxAnisotropy:8]]
[2023.04.04-20.50.16:168][  0]LogConfig: Setting CVar [[r.Streaming.LimitPoolSizeToVRAM:0]]
[2023.04.04-20.50.16:168][  0]LogConfig: Setting CVar [[r.Streaming.PoolSize:1000]]
[2023.04.04-20.50.16:168][  0]LogConfig: Setting CVar [[r.Streaming.MaxEffectiveScreenSize:0]]
[2023.04.04-20.50.16:168][  0]LogConfig: Applying CVar settings from Section [EffectsQuality@3] File [C:/Users/lex_i/OneDrive/Desktop/GAMERS/UR4blueprintsUDEMY/FirstpersonGame/firstpersongame/Saved/Config/Windows/Scalability.ini]
[2023.04.04-20.50.16:168][  0]LogConfig: Setting CVar [[r.TranslucencyLightingVolumeDim:64]]
[2023.04.04-20.50.16:168][  0]LogConfig: Setting CVar [[r.RefractionQuality:2]]
[2023.04.04-20.50.16:168][  0]LogConfig: Setting CVar [[r.SSR.Quality:3]]
[2023.04.04-20.50.16:168][  0]LogConfig: Setting CVar [[r.SSR.HalfResSceneColor:0]]
[2023.04.04-20.50.16:168][  0]LogConfig: Setting CVar [[r.SceneColorFormat:4]]
[2023.04.04-20.50.16:168][  0]LogConfig: Setting CVar [[r.DetailMode:2]]
[2023.04.04-20.50.16:168][  0]LogConfig: Setting CVar [[r.TranslucencyVolumeBlur:1]]
[2023.04.04-20.50.16:169][  0]LogConfig: Setting CVar [[r.MaterialQualityLevel:1 ; High quality]]
[2023.04.04-20.50.16:169][  0]LogConfig: Setting CVar [[r.SSS.Scale:1]]
[2023.04.04-20.50.16:169][  0]LogConfig: Setting CVar [[r.SSS.SampleSet:2]]
[2023.04.04-20.50.16:169][  0]LogConfig: Setting CVar [[r.SSS.Quality:1]]
[2023.04.04-20.50.16:169][  0]LogConfig: Setting CVar [[r.SSS.HalfRes:1]]
[2023.04.04-20.50.16:169][  0]LogConfig: Setting CVar [[r.SSGI.Quality:3]]
[2023.04.04-20.50.16:169][  0]LogConfig: Setting CVar [[r.EmitterSpawnRateScale:1.0]]
[2023.04.04-20.50.16:169][  0]LogConfig: Setting CVar [[r.ParticleLightQuality:2]]
[2023.04.04-20.50.16:169][  0]LogConfig: Setting CVar [[r.SkyAtmosphere.AerialPerspectiveLUT.FastApplyOnOpaque:1 ; Always have FastSkyLUT 1 in this case to avoid wrong sky]]
[2023.04.04-20.50.16:169][  0]LogConfig: Setting CVar [[r.SkyAtmosphere.AerialPerspectiveLUT.SampleCountPerSlice:1]]
[2023.04.04-20.50.16:169][  0]LogConfig: Setting CVar [[r.SkyAtmosphere.AerialPerspectiveLUT.DepthResolution:16.0]]
[2023.04.04-20.50.16:169][  0]LogConfig: Setting CVar [[r.SkyAtmosphere.FastSkyLUT:1]]
[2023.04.04-20.50.16:169][  0]LogConfig: Setting CVar [[r.SkyAtmosphere.FastSkyLUT.SampleCountMin:4.0]]
[2023.04.04-20.50.16:169][  0]LogConfig: Setting CVar [[r.SkyAtmosphere.FastSkyLUT.SampleCountMax:32.0]]
[2023.04.04-20.50.16:169][  0]LogConfig: Setting CVar [[r.SkyAtmosphere.SampleCountMin:4.0]]
[2023.04.04-20.50.16:169][  0]LogConfig: Setting CVar [[r.SkyAtmosphere.SampleCountMax:32.0]]
[2023.04.04-20.50.16:169][  0]LogConfig: Setting CVar [[r.SkyAtmosphere.TransmittanceLUT.UseSmallFormat:0]]
[2023.04.04-20.50.16:169][  0]LogConfig: Setting CVar [[r.SkyAtmosphere.TransmittanceLUT.SampleCount:10.0]]
[2023.04.04-20.50.16:169][  0]LogConfig: Setting CVar [[r.SkyAtmosphere.MultiScatteringLUT.SampleCount:15.0]]
[2023.04.04-20.50.16:169][  0]LogConfig: Applying CVar settings from Section [FoliageQuality@3] File [C:/Users/lex_i/OneDrive/Desktop/GAMERS/UR4blueprintsUDEMY/FirstpersonGame/firstpersongame/Saved/Config/Windows/Scalability.ini]
[2023.04.04-20.50.16:169][  0]LogConfig: Setting CVar [[foliage.DensityScale:1.0]]
[2023.04.04-20.50.16:169][  0]LogConfig: Setting CVar [[grass.DensityScale:1.0]]
[2023.04.04-20.50.16:169][  0]LogConfig: Applying CVar settings from Section [ShadingQuality@3] File [C:/Users/lex_i/OneDrive/Desktop/GAMERS/UR4blueprintsUDEMY/FirstpersonGame/firstpersongame/Saved/Config/Windows/Scalability.ini]
[2023.04.04-20.50.16:169][  0]LogConfig: Setting CVar [[r.HairStrands.SkyLighting.SampleCount:16]]
[2023.04.04-20.50.16:169][  0]LogConfig: Setting CVar [[r.HairStrands.SkyLighting.JitterIntegration:0]]
[2023.04.04-20.50.16:169][  0]LogConfig: Setting CVar [[r.HairStrands.SkyAO.SampleCount:16]]
[2023.04.04-20.50.16:207][  0]LogInit: Selected Device Profile: [Windows]
[2023.04.04-20.50.16:207][  0]LogInit: Applying CVar settings loaded from the selected device profile: [Windows]
[2023.04.04-20.50.16:346][  0]LogHAL: Display: Platform has ~ 36 GB [38524260352 / 68719476736 / 36], which maps to Largest [LargestMinGB=32, LargerMinGB=12, DefaultMinGB=8, SmallerMinGB=6, SmallestMinGB=0)
[2023.04.04-20.50.16:346][  0]LogInit: Going up to parent DeviceProfile []
[2023.04.04-20.50.16:346][  0]LogConfig: Applying CVar settings from Section [ViewDistanceQuality@3] File [C:/Users/lex_i/OneDrive/Desktop/GAMERS/UR4blueprintsUDEMY/FirstpersonGame/firstpersongame/Saved/Config/Windows/Scalability.ini]
[2023.04.04-20.50.16:346][  0]LogConfig: Setting CVar [[r.SkeletalMeshLODBias:0]]
[2023.04.04-20.50.16:347][  0]LogConfig: Setting CVar [[r.ViewDistanceScale:1.0]]
[2023.04.04-20.50.16:347][  0]LogConfig: Applying CVar settings from Section [AntiAliasingQuality@3] File [C:/Users/lex_i/OneDrive/Desktop/GAMERS/UR4blueprintsUDEMY/FirstpersonGame/firstpersongame/Saved/Config/Windows/Scalability.ini]
[2023.04.04-20.50.16:347][  0]LogConfig: Setting CVar [[r.PostProcessAAQuality:4]]
[2023.04.04-20.50.16:347][  0]LogConfig: Applying CVar settings from Section [ShadowQuality@3] File [C:/Users/lex_i/OneDrive/Desktop/GAMERS/UR4blueprintsUDEMY/FirstpersonGame/firstpersongame/Saved/Config/Windows/Scalability.ini]
[2023.04.04-20.50.16:347][  0]LogConfig: Setting CVar [[r.LightFunctionQuality:1]]
[2023.04.04-20.50.16:347][  0]LogConfig: Setting CVar [[r.ShadowQuality:5]]
[2023.04.04-20.50.16:347][  0]LogConfig: Setting CVar [[r.Shadow.CSM.MaxCascades:10]]
[2023.04.04-20.50.16:347][  0]LogConfig: Setting CVar [[r.Shadow.MaxResolution:2048]]
[2023.04.04-20.50.16:347][  0]LogConfig: Setting CVar [[r.Shadow.MaxCSMResolution:2048]]
[2023.04.04-20.50.16:347][  0]LogConfig: Setting CVar [[r.Shadow.RadiusThreshold:0.01]]
[2023.04.04-20.50.16:347][  0]LogConfig: Setting CVar [[r.Shadow.DistanceScale:1.0]]
[2023.04.04-20.50.16:347][  0]LogConfig: Setting CVar [[r.Shadow.CSM.TransitionScale:1.0]]
[2023.04.04-20.50.16:347][  0]LogConfig: Setting CVar [[r.Shadow.PreShadowResolutionFactor:1.0]]
[2023.04.04-20.50.16:347][  0]LogConfig: Setting CVar [[r.DistanceFieldShadowing:1]]
[2023.04.04-20.50.16:347][  0]LogConfig: Setting CVar [[r.DistanceFieldAO:1]]
[2023.04.04-20.50.16:347][  0]LogConfig: Setting CVar [[r.AOQuality:2]]
[2023.04.04-20.50.16:347][  0]LogConfig: Setting CVar [[r.VolumetricFog:1]]
[2023.04.04-20.50.16:347][  0]LogConfig: Setting CVar [[r.VolumetricFog.GridPixelSize:8]]
[2023.04.04-20.50.16:347][  0]LogConfig: Setting CVar [[r.VolumetricFog.GridSizeZ:128]]
[2023.04.04-20.50.16:347][  0]LogConfig: Setting CVar [[r.VolumetricFog.HistoryMissSupersampleCount:4]]
[2023.04.04-20.50.16:348][  0]LogConfig: Setting CVar [[r.LightMaxDrawDistanceScale:1]]
[2023.04.04-20.50.16:348][  0]LogConfig: Setting CVar [[r.CapsuleShadows:1]]
[2023.04.04-20.50.16:348][  0]LogConfig: Applying CVar settings from Section [PostProcessQuality@3] File [C:/Users/lex_i/OneDrive/Desktop/GAMERS/UR4blueprintsUDEMY/FirstpersonGame/firstpersongame/Saved/Config/Windows/Scalability.ini]
[2023.04.04-20.50.16:348][  0]LogConfig: Setting CVar [[r.MotionBlurQuality:4]]
[2023.04.04-20.50.16:348][  0]LogConfig: Setting CVar [[r.AmbientOcclusionMipLevelFactor:0.4]]
[2023.04.04-20.50.16:348][  0]LogConfig: Setting CVar [[r.AmbientOcclusionMaxQuality:100]]
[2023.04.04-20.50.16:348][  0]LogConfig: Setting CVar [[r.AmbientOcclusionLevels:-1]]
[2023.04.04-20.50.16:348][  0]LogConfig: Setting CVar [[r.AmbientOcclusionRadiusScale:1.0]]
[2023.04.04-20.50.16:348][  0]LogConfig: Setting CVar [[r.DepthOfFieldQuality:2]]
[2023.04.04-20.50.16:348][  0]LogConfig: Setting CVar [[r.RenderTargetPoolMin:400]]
[2023.04.04-20.50.16:348][  0]LogConfig: Setting CVar [[r.LensFlareQuality:2]]
[2023.04.04-20.50.16:348][  0]LogConfig: Setting CVar [[r.SceneColorFringeQuality:1]]
[2023.04.04-20.50.16:348][  0]LogConfig: Setting CVar [[r.EyeAdaptationQuality:2]]
[2023.04.04-20.50.16:348][  0]LogConfig: Setting CVar [[r.BloomQuality:5]]
[2023.04.04-20.50.16:348][  0]LogConfig: Setting CVar [[r.FastBlurThreshold:100]]
[2023.04.04-20.50.16:348][  0]LogConfig: Setting CVar [[r.Upscale.Quality:3]]
[2023.04.04-20.50.16:348][  0]LogConfig: Setting CVar [[r.Tonemapper.GrainQuantization:1]]
[2023.04.04-20.50.16:348][  0]LogConfig: Setting CVar [[r.LightShaftQuality:1]]
[2023.04.04-20.50.16:348][  0]LogConfig: Setting CVar [[r.Filter.SizeScale:1]]
[2023.04.04-20.50.16:348][  0]LogConfig: Setting CVar [[r.Tonemapper.Quality:5]]
[2023.04.04-20.50.16:348][  0]LogConfig: Setting CVar [[r.DOF.Gather.AccumulatorQuality:1        ; higher gathering accumulator quality]]
[2023.04.04-20.50.16:348][  0]LogConfig: Setting CVar [[r.DOF.Gather.PostfilterMethod:1          ; Median3x3 postfilering method]]
[2023.04.04-20.50.16:348][  0]LogConfig: Setting CVar [[r.DOF.Gather.EnableBokehSettings:0       ; no bokeh simulation when gathering]]
[2023.04.04-20.50.16:348][  0]LogConfig: Setting CVar [[r.DOF.Gather.RingCount:4                 ; medium number of samples when gathering]]
[2023.04.04-20.50.16:348][  0]LogConfig: Setting CVar [[r.DOF.Scatter.ForegroundCompositing:1    ; additive foreground scattering]]
[2023.04.04-20.50.16:348][  0]LogConfig: Setting CVar [[r.DOF.Scatter.BackgroundCompositing:2    ; additive background scattering]]
[2023.04.04-20.50.16:348][  0]LogConfig: Setting CVar [[r.DOF.Scatter.EnableBokehSettings:1      ; bokeh simulation when scattering]]
[2023.04.04-20.50.16:348][  0]LogConfig: Setting CVar [[r.DOF.Scatter.MaxSpriteRatio:0.1         ; only a maximum of 10% of scattered bokeh]]
[2023.04.04-20.50.16:348][  0]LogConfig: Setting CVar [[r.DOF.Recombine.Quality:1                ; cheap slight out of focus]]
[2023.04.04-20.50.16:348][  0]LogConfig: Setting CVar [[r.DOF.Recombine.EnableBokehSettings:0    ; no bokeh simulation on slight out of focus]]
[2023.04.04-20.50.16:349][  0]LogConfig: Setting CVar [[r.DOF.TemporalAAQuality:1                ; more stable temporal accumulation]]
[2023.04.04-20.50.16:349][  0]LogConfig: Setting CVar [[r.DOF.Kernel.MaxForegroundRadius:0.025]]
[2023.04.04-20.50.16:349][  0]LogConfig: Setting CVar [[r.DOF.Kernel.MaxBackgroundRadius:0.025]]
[2023.04.04-20.50.16:349][  0]LogConfig: Applying CVar settings from Section [TextureQuality@3] File [C:/Users/lex_i/OneDrive/Desktop/GAMERS/UR4blueprintsUDEMY/FirstpersonGame/firstpersongame/Saved/Config/Windows/Scalability.ini]
[2023.04.04-20.50.16:349][  0]LogConfig: Setting CVar [[r.Streaming.MipBias:0]]
[2023.04.04-20.50.16:349][  0]LogConfig: Setting CVar [[r.Streaming.AmortizeCPUToGPUCopy:0]]
[2023.04.04-20.50.16:349][  0]LogConfig: Setting CVar [[r.Streaming.MaxNumTexturesToStreamPerFrame:0]]
[2023.04.04-20.50.16:349][  0]LogConfig: Setting CVar [[r.Streaming.Boost:1]]
[2023.04.04-20.50.16:349][  0]LogConfig: Setting CVar [[r.MaxAnisotropy:8]]
[2023.04.04-20.50.16:349][  0]LogConfig: Setting CVar [[r.VT.MaxAnisotropy:8]]
[2023.04.04-20.50.16:349][  0]LogConfig: Setting CVar [[r.Streaming.LimitPoolSizeToVRAM:0]]
[2023.04.04-20.50.16:349][  0]LogConfig: Setting CVar [[r.Streaming.PoolSize:1000]]
[2023.04.04-20.50.16:349][  0]LogConfig: Setting CVar [[r.Streaming.MaxEffectiveScreenSize:0]]
[2023.04.04-20.50.16:349][  0]LogConfig: Applying CVar settings from Section [EffectsQuality@3] File [C:/Users/lex_i/OneDrive/Desktop/GAMERS/UR4blueprintsUDEMY/FirstpersonGame/firstpersongame/Saved/Config/Windows/Scalability.ini]
[2023.04.04-20.50.16:349][  0]LogConfig: Setting CVar [[r.TranslucencyLightingVolumeDim:64]]
[2023.04.04-20.50.16:349][  0]LogConfig: Setting CVar [[r.RefractionQuality:2]]
[2023.04.04-20.50.16:349][  0]LogConfig: Setting CVar [[r.SSR.Quality:3]]
[2023.04.04-20.50.16:349][  0]LogConfig: Setting CVar [[r.SSR.HalfResSceneColor:0]]
[2023.04.04-20.50.16:349][  0]LogConfig: Setting CVar [[r.SceneColorFormat:4]]
[2023.04.04-20.50.16:349][  0]LogConfig: Setting CVar [[r.DetailMode:2]]
[2023.04.04-20.50.16:349][  0]LogConfig: Setting CVar [[r.TranslucencyVolumeBlur:1]]
[2023.04.04-20.50.16:349][  0]LogConfig: Setting CVar [[r.MaterialQualityLevel:1 ; High quality]]
[2023.04.04-20.50.16:349][  0]LogConfig: Setting CVar [[r.SSS.Scale:1]]
[2023.04.04-20.50.16:349][  0]LogConfig: Setting CVar [[r.SSS.SampleSet:2]]
[2023.04.04-20.50.16:349][  0]LogConfig: Setting CVar [[r.SSS.Quality:1]]
[2023.04.04-20.50.16:349][  0]LogConfig: Setting CVar [[r.SSS.HalfRes:1]]
[2023.04.04-20.50.16:349][  0]LogConfig: Setting CVar [[r.SSGI.Quality:3]]
[2023.04.04-20.50.16:350][  0]LogConfig: Setting CVar [[r.EmitterSpawnRateScale:1.0]]
[2023.04.04-20.50.16:350][  0]LogConfig: Setting CVar [[r.ParticleLightQuality:2]]
[2023.04.04-20.50.16:350][  0]LogConfig: Setting CVar [[r.SkyAtmosphere.AerialPerspectiveLUT.FastApplyOnOpaque:1 ; Always have FastSkyLUT 1 in this case to avoid wrong sky]]
[2023.04.04-20.50.16:350][  0]LogConfig: Setting CVar [[r.SkyAtmosphere.AerialPerspectiveLUT.SampleCountPerSlice:1]]
[2023.04.04-20.50.16:350][  0]LogConfig: Setting CVar [[r.SkyAtmosphere.AerialPerspectiveLUT.DepthResolution:16.0]]
[2023.04.04-20.50.16:350][  0]LogConfig: Setting CVar [[r.SkyAtmosphere.FastSkyLUT:1]]
[2023.04.04-20.50.16:350][  0]LogConfig: Setting CVar [[r.SkyAtmosphere.FastSkyLUT.SampleCountMin:4.0]]
[2023.04.04-20.50.16:350][  0]LogConfig: Setting CVar [[r.SkyAtmosphere.FastSkyLUT.SampleCountMax:32.0]]
[2023.04.04-20.50.16:350][  0]LogConfig: Setting CVar [[r.SkyAtmosphere.SampleCountMin:4.0]]
[2023.04.04-20.50.16:350][  0]LogConfig: Setting CVar [[r.SkyAtmosphere.SampleCountMax:32.0]]
[2023.04.04-20.50.16:351][  0]LogConfig: Setting CVar [[r.SkyAtmosphere.TransmittanceLUT.UseSmallFormat:0]]
[2023.04.04-20.50.16:351][  0]LogConfig: Setting CVar [[r.SkyAtmosphere.TransmittanceLUT.SampleCount:10.0]]
[2023.04.04-20.50.16:351][  0]LogConfig: Setting CVar [[r.SkyAtmosphere.MultiScatteringLUT.SampleCount:15.0]]
[2023.04.04-20.50.16:351][  0]LogConfig: Applying CVar settings from Section [FoliageQuality@3] File [C:/Users/lex_i/OneDrive/Desktop/GAMERS/UR4blueprintsUDEMY/FirstpersonGame/firstpersongame/Saved/Config/Windows/Scalability.ini]
[2023.04.04-20.50.16:351][  0]LogConfig: Setting CVar [[foliage.DensityScale:1.0]]
[2023.04.04-20.50.16:351][  0]LogConfig: Setting CVar [[grass.DensityScale:1.0]]
[2023.04.04-20.50.16:351][  0]LogConfig: Applying CVar settings from Section [ShadingQuality@3] File [C:/Users/lex_i/OneDrive/Desktop/GAMERS/UR4blueprintsUDEMY/FirstpersonGame/firstpersongame/Saved/Config/Windows/Scalability.ini]
[2023.04.04-20.50.16:351][  0]LogConfig: Setting CVar [[r.HairStrands.SkyLighting.SampleCount:16]]
[2023.04.04-20.50.16:351][  0]LogConfig: Setting CVar [[r.HairStrands.SkyLighting.JitterIntegration:0]]
[2023.04.04-20.50.16:351][  0]LogConfig: Setting CVar [[r.HairStrands.SkyAO.SampleCount:16]]
[2023.04.04-20.50.16:352][  0]LogConfig: Applying CVar settings from Section [Startup] File [../../../Engine/Config/ConsoleVariables.ini]
[2023.04.04-20.50.16:371][  0]LogConfig: Setting CVar [[net.UseAdaptiveNetUpdateFrequency:0]]
[2023.04.04-20.50.16:371][  0]LogConfig: Setting CVar [[p.chaos.AllowCreatePhysxBodies:1]]
[2023.04.04-20.50.16:371][  0]LogConfig: Applying CVar settings from Section [ConsoleVariables] File [C:/Users/lex_i/OneDrive/Desktop/GAMERS/UR4blueprintsUDEMY/FirstpersonGame/firstpersongame/Saved/Config/Windows/Engine.ini]
[2023.04.04-20.50.16:390][  0]LogInit: Computer: DESKTOP-0GSKEEK
[2023.04.04-20.50.16:390][  0]LogInit: User: lexi
[2023.04.04-20.50.16:390][  0]LogInit: CPU Page size=4096, Cores=2
[2023.04.04-20.50.16:390][  0]LogInit: High frequency timer resolution =10.000000 MHz
[2023.04.04-20.50.16:391][  0]LogMemory: Memory total: Physical=35.9GB (36GB approx)
[2023.04.04-20.50.16:391][  0]LogMemory: Platform Memory Stats for Windows
[2023.04.04-20.50.16:391][  0]LogMemory: Process Physical Memory: 108.59 MB used, 108.59 MB peak
[2023.04.04-20.50.16:391][  0]LogMemory: Process Virtual Memory: 99.82 MB used, 99.82 MB peak
[2023.04.04-20.50.16:391][  0]LogMemory: Physical Memory: 10594.93 MB used,  26144.67 MB free, 36739.60 MB total
[2023.04.04-20.50.16:392][  0]LogMemory: Virtual Memory: 5119.66 MB used,  134212608.00 MB free, 134217728.00 MB total
[2023.04.04-20.50.16:447][  0]LogWindows: WindowsPlatformFeatures enabled
[2023.04.04-20.50.20:007][  0]LogInit: Overriding language with editor language configuration option (en).
[2023.04.04-20.50.20:007][  0]LogInit: Overriding locale with editor locale configuration option (en).
[2023.04.04-20.50.23:332][  0]LogInit: Setting process to per monitor DPI aware
[2023.04.04-20.50.26:283][  0]LogSlate: New Slate User Created.  User Index 0, Is Virtual User: 0
[2023.04.04-20.50.26:283][  0]LogSlate: Slate User Registered.  User Index 0, Is Virtual User: 0
[2023.04.04-20.50.49:477][  0]LogHMD: Failed to initialize OpenVR with code 110
[2023.04.04-20.50.49:477][  0]LogD3D11RHI: D3D11 min allowed feature level: 11_0
[2023.04.04-20.50.49:477][  0]LogD3D11RHI: D3D11 max allowed feature level: 11_0
[2023.04.04-20.50.49:477][  0]LogD3D11RHI: D3D11 adapters:
[2023.04.04-20.50.49:630][  0]LogD3D11RHI:    0. 'NVIDIA GeForce 940MX' (Feature Level 11_0)
[2023.04.04-20.50.49:631][  0]LogD3D11RHI:       2020/0/18369 MB DedicatedVideo/DedicatedSystem/SharedSystem, Outputs:2, VendorId:0x10de
[2023.04.04-20.50.49:677][  0]LogD3D11RHI:    1. 'Intel(R) HD Graphics 620' (Feature Level 11_0)
[2023.04.04-20.50.49:677][  0]LogD3D11RHI:       128/0/18369 MB DedicatedVideo/DedicatedSystem/SharedSystem, Outputs:0, VendorId:0x8086
[2023.04.04-20.50.49:683][  0]LogD3D11RHI:    2. 'Microsoft Basic Render Driver' (Feature Level 11_0)
[2023.04.04-20.50.49:683][  0]LogD3D11RHI:       0/0/18369 MB DedicatedVideo/DedicatedSystem/SharedSystem, Outputs:0, VendorId:0x1414
[2023.04.04-20.50.49:683][  0]LogD3D11RHI: Chosen D3D11 Adapter: 0
[2023.04.04-20.50.49:820][  0]LogD3D11RHI: Creating new Direct3DDevice
[2023.04.04-20.50.49:831][  0]LogD3D11RHI:     GPU DeviceId: 0x134d (for the marketing name, search the web for "GPU Device Id")
[2023.04.04-20.50.49:831][  0]LogWindows: EnumDisplayDevices:
[2023.04.04-20.50.49:831][  0]LogWindows:    0. 'Intel(R) HD Graphics 620' (P:1 D:1)
[2023.04.04-20.50.49:832][  0]LogWindows:    1. 'Intel(R) HD Graphics 620' (P:0 D:1)
[2023.04.04-20.50.49:832][  0]LogWindows:    2. 'Intel(R) HD Graphics 620' (P:0 D:0)
[2023.04.04-20.50.49:833][  0]LogWindows: DebugString: PrimaryIsNotTheChoosenAdapter PrimaryIsNotTheChoosenAdapter PrimaryIsNotTheChoosenAdapter FoundDriverCount:0 
[2023.04.04-20.50.49:833][  0]LogD3D11RHI:     Adapter Name: NVIDIA GeForce 940MX
[2023.04.04-20.50.49:833][  0]LogD3D11RHI:   Driver Version: Unknown (internal:Unknown, unified:Unknown)
[2023.04.04-20.50.49:833][  0]LogD3D11RHI:      Driver Date: Unknown
[2023.04.04-20.50.49:833][  0]LogRHI: Texture pool is 1414 MB (70% of 2020 MB)
[2023.04.04-20.50.50:014][  0]LogD3D11RHI: RHI has support for 64 bit atomics
[2023.04.04-20.50.50:028][  0]LogD3D11RHI: Async texture creation enabled
[2023.04.04-20.50.50:779][  0]LogD3D11RHI: GPU Timing Frequency: 1000.000000 (Debug: 2 2)
[2023.04.04-20.50.53:852][  0]LogTargetPlatformManager: Display: Loaded TargetPlatform 'AllDesktop'
[2023.04.04-20.50.54:319][  0]LogTargetPlatformManager: Display: Loaded TargetPlatform 'Android'
[2023.04.04-20.50.54:319][  0]LogTargetPlatformManager: Display: Loaded TargetPlatform 'Android_ASTC'
[2023.04.04-20.50.54:319][  0]LogTargetPlatformManager: Display: Loaded TargetPlatform 'Android_ATC'
[2023.04.04-20.50.54:319][  0]LogTargetPlatformManager: Display: Loaded TargetPlatform 'Android_DXT'
[2023.04.04-20.50.54:319][  0]LogTargetPlatformManager: Display: Loaded TargetPlatform 'Android_ETC1'
[2023.04.04-20.50.54:319][  0]LogTargetPlatformManager: Display: Loaded TargetPlatform 'Android_ETC1a'
[2023.04.04-20.50.54:319][  0]LogTargetPlatformManager: Display: Loaded TargetPlatform 'Android_ETC2'
[2023.04.04-20.50.54:319][  0]LogTargetPlatformManager: Display: Loaded TargetPlatform 'Android_PVRTC'
[2023.04.04-20.50.54:319][  0]LogTargetPlatformManager: Display: Loaded TargetPlatform 'AndroidClient'
[2023.04.04-20.50.54:319][  0]LogTargetPlatformManager: Display: Loaded TargetPlatform 'Android_ASTCClient'
[2023.04.04-20.50.54:319][  0]LogTargetPlatformManager: Display: Loaded TargetPlatform 'Android_ATCClient'
[2023.04.04-20.50.54:319][  0]LogTargetPlatformManager: Display: Loaded TargetPlatform 'Android_DXTClient'
[2023.04.04-20.50.54:319][  0]LogTargetPlatformManager: Display: Loaded TargetPlatform 'Android_ETC1Client'
[2023.04.04-20.50.54:319][  0]LogTargetPlatformManager: Display: Loaded TargetPlatform 'Android_ETC1aClient'
[2023.04.04-20.50.54:319][  0]LogTargetPlatformManager: Display: Loaded TargetPlatform 'Android_ETC2Client'
[2023.04.04-20.50.54:319][  0]LogTargetPlatformManager: Display: Loaded TargetPlatform 'Android_PVRTCClient'
[2023.04.04-20.50.54:319][  0]LogTargetPlatformManager: Display: Loaded TargetPlatform 'Android_Multi'
[2023.04.04-20.50.54:319][  0]LogTargetPlatformManager: Display: Loaded TargetPlatform 'Android_MultiClient'
[2023.04.04-20.50.54:831][  0]LogTargetPlatformManager: Display: Loaded TargetPlatform 'IOSClient'
[2023.04.04-20.50.54:831][  0]LogTargetPlatformManager: Display: Loaded TargetPlatform 'IOS'
[2023.04.04-20.50.54:946][  0]LogTargetPlatformManager: Display: Loaded TargetPlatform 'LinuxNoEditor'
[2023.04.04-20.50.55:025][  0]LogTargetPlatformManager: Display: Loaded TargetPlatform 'LinuxClient'
[2023.04.04-20.50.55:089][  0]LogTargetPlatformManager: Display: Loaded TargetPlatform 'LinuxServer'
[2023.04.04-20.50.55:122][  0]LogTargetPlatformManager: Display: Loaded TargetPlatform 'LinuxAArch64NoEditor'
[2023.04.04-20.50.55:210][  0]LogTargetPlatformManager: Display: Loaded TargetPlatform 'LinuxAArch64Client'
[2023.04.04-20.50.55:289][  0]LogTargetPlatformManager: Display: Loaded TargetPlatform 'LinuxAArch64Server'
[2023.04.04-20.50.55:672][  0]LogTargetPlatformManager: Display: Loaded TargetPlatform 'Lumin'
[2023.04.04-20.50.55:672][  0]LogTargetPlatformManager: Display: Loaded TargetPlatform 'LuminClient'
[2023.04.04-20.50.55:809][  0]LogTargetPlatformManager: Display: Loaded TargetPlatform 'TVOSClient'
[2023.04.04-20.50.55:809][  0]LogTargetPlatformManager: Display: Loaded TargetPlatform 'TVOS'
[2023.04.04-20.50.55:920][  0]LogTargetPlatformManager: Display: Loaded TargetPlatform 'WindowsNoEditor'
[2023.04.04-20.50.55:958][  0]LogTargetPlatformManager: Display: Loaded TargetPlatform 'Windows'
[2023.04.04-20.50.56:143][  0]LogTargetPlatformManager: Display: Loaded TargetPlatform 'WindowsClient'
[2023.04.04-20.50.56:173][  0]LogTargetPlatformManager: Display: Loaded TargetPlatform 'WindowsServer'
[2023.04.04-20.50.56:174][  0]LogTargetPlatformManager: Display: Building Assets For Windows
[2023.04.04-20.50.56:556][  0]LogAudioDebug: Display: Lib vorbis DLL was dynamically loaded.
[2023.04.04-20.50.58:518][  0]LogShaderCompilers: Guid format shader working directory is -59 characters bigger than the processId version (../../../../../../Users/lex_i/OneDrive/Desktop/GAMERS/UR4blueprintsUDEMY/FirstpersonGame/firstpersongame/Intermediate/Shaders/WorkingDirectory/12284/).
[2023.04.04-20.50.58:518][  0]LogShaderCompilers: Cleaned the shader compiler working directory 'C:/Users/lex_i/AppData/Local/Temp/UnrealShaderWorkingDir/AE2CA14A4FFA0FAC638B08AB5F22813C/'.
[2023.04.04-20.50.58:912][  0]LogXGEController: Cannot use XGE Controller as Incredibuild is not installed on this machine.
[2023.04.04-20.50.58:936][  0]LogShaderCompilers: Cannot use XGE Shader Compiler as Incredibuild is not installed on this machine.
[2023.04.04-20.50.58:936][  0]LogShaderCompilers: Display: Using Local Shader Compiler.
[2023.04.04-20.51.21:299][  0]LogDerivedDataCache: Display: Max Cache Size: 512 MB
[2023.04.04-20.51.22:817][  0]LogDerivedDataCache: Loaded boot cache 1.49s 78MB C:/Users/lex_i/AppData/Local/UnrealEngine/4.24/DerivedDataCache/Boot.ddc.
[2023.04.04-20.51.22:818][  0]LogDerivedDataCache: Display: Loaded Boot cache: C:/Users/lex_i/AppData/Local/UnrealEngine/4.24/DerivedDataCache/Boot.ddc
[2023.04.04-20.51.22:818][  0]LogDerivedDataCache: FDerivedDataBackendGraph:  Pak pak cache file ../../../../../../Users/lex_i/OneDrive/Desktop/GAMERS/UR4blueprintsUDEMY/FirstpersonGame/firstpersongame/DerivedDataCache/DDC.ddp not found, will not use a pak cache.
[2023.04.04-20.51.22:819][  0]LogDerivedDataCache: Unable to find inner node Pak for hierarchical cache Hierarchy.
[2023.04.04-20.51.22:819][  0]LogDerivedDataCache: FDerivedDataBackendGraph:  CompressedPak pak cache file ../../../../../../Users/lex_i/OneDrive/Desktop/GAMERS/UR4blueprintsUDEMY/FirstpersonGame/firstpersongame/DerivedDataCache/Compressed.ddp not found, will not use a pak cache.
[2023.04.04-20.51.22:819][  0]LogDerivedDataCache: Unable to find inner node CompressedPak for hierarchical cache Hierarchy.
[2023.04.04-20.51.23:172][  0]LogDerivedDataCache: Display: Pak cache opened for reading ../../../Engine/DerivedDataCache/Compressed.ddp.
[2023.04.04-20.51.23:172][  0]LogDerivedDataCache: FDerivedDataBackendGraph:  EnterprisePak pak cache file ../../../Enterprise/DerivedDataCache/Compressed.ddp not found, will not use a pak cache.
[2023.04.04-20.51.23:172][  0]LogDerivedDataCache: Unable to find inner node EnterprisePak for hierarchical cache Hierarchy.
[2023.04.04-20.51.23:197][  0]LogDerivedDataCache: Using Local data cache path C:/Users/lex_i/AppData/Local/UnrealEngine/Common/DerivedDataCache: Writable
[2023.04.04-20.51.23:197][  0]LogDerivedDataCache: Shared data cache path not found in *engine.ini, will not use an Shared cache.
[2023.04.04-20.51.23:197][  0]LogDerivedDataCache: Unable to find inner node Shared for hierarchical cache Hierarchy.
[2023.04.04-20.51.23:310][  0]LogMaterial: Verifying Global Shaders for PCD3D_SM5
[2023.04.04-20.51.24:868][  0]LogSlate: Using FreeType 2.10.0
[2023.04.04-20.51.25:400][  0]LogSlate: SlateFontServices - WITH_FREETYPE: 1, WITH_HARFBUZZ: 1
[2023.04.04-20.51.38:365][  0]LogAssetRegistry: FAssetRegistry took 0.0104 seconds to start up
[2023.04.04-20.51.58:770][  0]LogInit: Selected Device Profile: [Windows]
[2023.04.04-20.52.05:818][  0]LogMeshReduction: Using QuadricMeshReduction for automatic static mesh reduction
[2023.04.04-20.52.05:818][  0]LogMeshReduction: Using SimplygonMeshReduction for automatic skeletal mesh reduction
[2023.04.04-20.52.05:818][  0]LogMeshReduction: Using ProxyLODMeshReduction for automatic mesh merging
[2023.04.04-20.52.05:818][  0]LogMeshReduction: No distributed automatic mesh merging module available
[2023.04.04-20.52.05:818][  0]LogMeshMerging: No distributed automatic mesh merging module available
[2023.04.04-20.52.07:135][  0]LogNetVersion: firstpersongame 1.0.0, NetCL: 10570792, EngineNetVer: 13, GameNetVer: 0 (Checksum: 2425218941)
[2023.04.04-20.54.09:384][  0]LogFileManager: Warning: MoveFile was unable to move '../../../../../../Users/lex_i/OneDrive/Desktop/GAMERS/UR4blueprintsUDEMY/FirstpersonGame/firstpersongame/Intermediate/AssetRegistryCache/2657c409.bin.tmp' to '../../../../../../Users/lex_i/OneDrive/Desktop/GAMERS/UR4blueprintsUDEMY/FirstpersonGame/firstpersongame/Intermediate/AssetRegistryCache/2657c409.bin', retrying in .5s...
[2023.04.04-20.54.09:885][  0]LogFileManager: Warning: MoveFile was unable to move '../../../../../../Users/lex_i/OneDrive/Desktop/GAMERS/UR4blueprintsUDEMY/FirstpersonGame/firstpersongame/Intermediate/AssetRegistryCache/2657c409.bin.tmp' to '../../../../../../Users/lex_i/OneDrive/Desktop/GAMERS/UR4blueprintsUDEMY/FirstpersonGame/firstpersongame/Intermediate/AssetRegistryCache/2657c409.bin', retrying in .5s...
[2023.04.04-20.54.10:388][  0]LogFileManager: Warning: MoveFile was unable to move '../../../../../../Users/lex_i/OneDrive/Desktop/GAMERS/UR4blueprintsUDEMY/FirstpersonGame/firstpersongame/Intermediate/AssetRegistryCache/2657c409.bin.tmp' to '../../../../../../Users/lex_i/OneDrive/Desktop/GAMERS/UR4blueprintsUDEMY/FirstpersonGame/firstpersongame/Intermediate/AssetRegistryCache/2657c409.bin', retrying in .5s...
[2023.04.04-20.54.10:890][  0]LogFileManager: Warning: MoveFile was unable to move '../../../../../../Users/lex_i/OneDrive/Desktop/GAMERS/UR4blueprintsUDEMY/FirstpersonGame/firstpersongame/Intermediate/AssetRegistryCache/2657c409.bin.tmp' to '../../../../../../Users/lex_i/OneDrive/Desktop/GAMERS/UR4blueprintsUDEMY/FirstpersonGame/firstpersongame/Intermediate/AssetRegistryCache/2657c409.bin', retrying in .5s...
[2023.04.04-20.54.11:392][  0]LogFileManager: Warning: MoveFile was unable to move '../../../../../../Users/lex_i/OneDrive/Desktop/GAMERS/UR4blueprintsUDEMY/FirstpersonGame/firstpersongame/Intermediate/AssetRegistryCache/2657c409.bin.tmp' to '../../../../../../Users/lex_i/OneDrive/Desktop/GAMERS/UR4blueprintsUDEMY/FirstpersonGame/firstpersongame/Intermediate/AssetRegistryCache/2657c409.bin', retrying in .5s...
[2023.04.04-20.54.11:893][  0]LogFileManager: Warning: MoveFile was unable to move '../../../../../../Users/lex_i/OneDrive/Desktop/GAMERS/UR4blueprintsUDEMY/FirstpersonGame/firstpersongame/Intermediate/AssetRegistryCache/2657c409.bin.tmp' to '../../../../../../Users/lex_i/OneDrive/Desktop/GAMERS/UR4blueprintsUDEMY/FirstpersonGame/firstpersongame/Intermediate/AssetRegistryCache/2657c409.bin', retrying in .5s...
[2023.04.04-20.54.12:394][  0]LogFileManager: Warning: MoveFile was unable to move '../../../../../../Users/lex_i/OneDrive/Desktop/GAMERS/UR4blueprintsUDEMY/FirstpersonGame/firstpersongame/Intermediate/AssetRegistryCache/2657c409.bin.tmp' to '../../../../../../Users/lex_i/OneDrive/Desktop/GAMERS/UR4blueprintsUDEMY/FirstpersonGame/firstpersongame/Intermediate/AssetRegistryCache/2657c409.bin', retrying in .5s...
[2023.04.04-20.54.12:895][  0]LogFileManager: Warning: MoveFile was unable to move '../../../../../../Users/lex_i/OneDrive/Desktop/GAMERS/UR4blueprintsUDEMY/FirstpersonGame/firstpersongame/Intermediate/AssetRegistryCache/2657c409.bin.tmp' to '../../../../../../Users/lex_i/OneDrive/Desktop/GAMERS/UR4blueprintsUDEMY/FirstpersonGame/firstpersongame/Intermediate/AssetRegistryCache/2657c409.bin', retrying in .5s...
[2023.04.04-20.54.13:396][  0]LogFileManager: Warning: MoveFile was unable to move '../../../../../../Users/lex_i/OneDrive/Desktop/GAMERS/UR4blueprintsUDEMY/FirstpersonGame/firstpersongame/Intermediate/AssetRegistryCache/2657c409.bin.tmp' to '../../../../../../Users/lex_i/OneDrive/Desktop/GAMERS/UR4blueprintsUDEMY/FirstpersonGame/firstpersongame/Intermediate/AssetRegistryCache/2657c409.bin', retrying in .5s...
[2023.04.04-20.54.13:898][  0]LogFileManager: Warning: MoveFile was unable to move '../../../../../../Users/lex_i/OneDrive/Desktop/GAMERS/UR4blueprintsUDEMY/FirstpersonGame/firstpersongame/Intermediate/AssetRegistryCache/2657c409.bin.tmp' to '../../../../../../Users/lex_i/OneDrive/Desktop/GAMERS/UR4blueprintsUDEMY/FirstpersonGame/firstpersongame/Intermediate/AssetRegistryCache/2657c409.bin', retrying in .5s...
[2023.04.04-20.54.14:398][  0]LogFileManager: Error: Error moving file '../../../../../../Users/lex_i/OneDrive/Desktop/GAMERS/UR4blueprintsUDEMY/FirstpersonGame/firstpersongame/Intermediate/AssetRegistryCache/2657c409.bin.tmp' to '../../../../../../Users/lex_i/OneDrive/Desktop/GAMERS/UR4blueprintsUDEMY/FirstpersonGame/firstpersongame/Intermediate/AssetRegistryCache/2657c409.bin'.
[2023.04.04-20.54.14:452][  0]LogPackageLocalizationCache: Processed 10 localized package path(s) for 1 prioritized culture(s) in 5.075507 seconds
[2023.04.04-20.54.14:462][  0]LogUObjectArray: 46750 objects as part of root set at end of initial load.
[2023.04.04-20.54.14:462][  0]LogUObjectAllocator: 8137160 out of 0 bytes used by permanent object pool.
[2023.04.04-20.54.14:463][  0]LogUObjectArray: CloseDisregardForGC: 0/0 objects in disregard for GC pool
[2023.04.04-20.54.40:974][  0]LogTcpMessaging: Initializing TcpMessaging bridge
[2023.04.04-20.54.41:102][  0]LogUdpMessaging: Initializing bridge on interface 0.0.0.0:0 to multicast group 230.0.0.1:6666.
[2023.04.04-20.54.45:462][  0]SourceControl: Source control is disabled
[2023.04.04-20.54.45:501][  0]SourceControl: Source control is disabled
[2023.04.04-20.54.46:466][  0]SourceControl: Source control is disabled
[2023.04.04-20.54.46:825][  0]SourceControl: Source control is disabled
[2023.04.04-20.54.46:852][  0]SourceControl: Source control is disabled
[2023.04.04-20.54.59:191][  0]LogAndroidPermission: UAndroidPermissionCallbackProxy::GetInstance
[2023.04.04-20.55.00:161][  0]LogAudioCaptureCore: Display: No Audio Capture implementations found. Audio input will be silent.
[2023.04.04-20.55.00:161][  0]LogAudioCaptureCore: Display: No Audio Capture implementations found. Audio input will be silent.
[2023.04.04-20.55.03:062][  0]LogOcInput: OculusInput pre-init called
[2023.04.04-20.55.03:681][  0]LogWindows: Failed to load 'OVRPlugin.dll' (GetLastError=126)
[2023.04.04-20.55.03:681][  0]LogWindows: File 'OVRPlugin.dll' does not exist
[2023.04.04-20.55.07:253][  0]LogEngine: Initializing Engine...
[2023.04.04-20.55.07:426][  0]LogHMD: Failed to initialize OpenVR with code 110
[2023.04.04-20.55.07:523][  0]LogStats: UGameplayTagsManager::InitializeManager -  0.039 s
[2023.04.04-20.55.13:632][  0]LogInit: Initializing FReadOnlyCVARCache
[2023.04.04-20.55.17:134][  0]LogAIModule: Creating AISystem for world Untitled
[2023.04.04-20.55.17:856][  0]LogAudioMixer: Display: Audio Mixer Platform Settings:
[2023.04.04-20.55.17:857][  0]LogAudioMixer: Display: 	Sample Rate:						  48000
[2023.04.04-20.55.17:857][  0]LogAudioMixer: Display: 	Callback Buffer Frame Size Requested: 1024
[2023.04.04-20.55.17:857][  0]LogAudioMixer: Display: 	Callback Buffer Frame Size To Use:	  1024
[2023.04.04-20.55.17:857][  0]LogAudioMixer: Display: 	Number of buffers to queue:			  2
[2023.04.04-20.55.17:857][  0]LogAudioMixer: Display: 	Max Channels (voices):				  32
[2023.04.04-20.55.17:857][  0]LogAudioMixer: Display: 	Number of Async Source Workers:		  0
[2023.04.04-20.55.17:857][  0]LogAudio: Display: AudioDevice MaxSources: 32
[2023.04.04-20.55.17:974][  0]LogAudio: Display: Using built-in audio occlusion.
[2023.04.04-20.55.17:974][  0]LogAudioMixer: Display: Initializing audio mixer.
[2023.04.04-20.55.18:140][  0]LogAudioMixer: Display: Audio Device Output Speaker Info:
[2023.04.04-20.55.18:140][  0]LogAudioMixer: Display: Name: Alto-falantes (2- High Definition Audio Device)
[2023.04.04-20.55.18:140][  0]LogAudioMixer: Display: Is Default: Yes
[2023.04.04-20.55.18:140][  0]LogAudioMixer: Display: Sample Rate: 48000
[2023.04.04-20.55.18:140][  0]LogAudioMixer: Display: Channel Count Used: 2
[2023.04.04-20.55.18:140][  0]LogAudioMixer: Display: Device Channel Count: 2
[2023.04.04-20.55.18:140][  0]LogAudioMixer: Display: Channel Order:
[2023.04.04-20.55.18:140][  0]LogAudioMixer: Display: 0: FrontLeft
[2023.04.04-20.55.18:140][  0]LogAudioMixer: Display: 1: FrontRight
[2023.04.04-20.55.18:199][  0]LogAudioMixer: Display: Using Audio Device Alto-falantes (2- High Definition Audio Device)
[2023.04.04-20.55.18:477][  0]LogInit: FAudioDevice initialized.
[2023.04.04-20.55.18:478][  0]LogNetVersion: Set ProjectVersion to 1.0.0.0. Version Checksum will be recalculated on next use.
[2023.04.04-20.55.19:777][  0]LogDerivedDataCache: Saved boot cache 1.30s 78MB C:/Users/lex_i/AppData/Local/UnrealEngine/4.24/DerivedDataCache/Boot.ddc.
[2023.04.04-20.55.19:778][  0]LogInit: Texture streaming: Enabled
[2023.04.04-20.55.21:104][  0]LogEngineSessionManager: EngineSessionManager initialized
[2023.04.04-20.55.21:104][  0]LogEditorSessionSummary: Verbose: Initializing EditorSessionSummaryWriter for editor session tracking
[2023.04.04-20.55.21:123][  0]LogOutputDevice: Warning: 

Script Stack (0 frames):

[2023.04.04-20.55.32:657][  0]LogStats: FPlatformStackWalk::StackWalkAndDump - 11.534 s
[2023.04.04-20.55.32:657][  0]LogOutputDevice: Error: === Handled ensure: ===
[2023.04.04-20.55.32:657][  0]LogOutputDevice: Error: 
[2023.04.04-20.55.32:657][  0]LogOutputDevice: Error: Ensure condition failed: IsLocked() [File:D:/Build/++UE4/Sync/Engine/Source/Developer/EditorAnalyticsSession/Private/EditorAnalyticsSession.cpp] [Line: 279]
[2023.04.04-20.55.32:657][  0]LogOutputDevice: Error: 
[2023.04.04-20.55.32:657][  0]LogOutputDevice: Error: Stack: 
[2023.04.04-20.55.32:657][  0]LogOutputDevice: Error: [Callstack] 0x00007ffdc274e629 UE4Editor-EditorAnalyticsSession.dll!UnknownFunction []
[2023.04.04-20.55.32:657][  0]LogOutputDevice: Error: [Callstack] 0x00007ffdc2749835 UE4Editor-EditorAnalyticsSession.dll!UnknownFunction []
[2023.04.04-20.55.32:657][  0]LogOutputDevice: Error: [Callstack] 0x00007ffd8ab88407 UE4Editor-Engine.dll!UnknownFunction []
[2023.04.04-20.55.32:657][  0]LogOutputDevice: Error: [Callstack] 0x00007ffd8b6b0f9b UE4Editor-Engine.dll!UnknownFunction []
[2023.04.04-20.55.32:657][  0]LogOutputDevice: Error: [Callstack] 0x00007ffd86559ccd UE4Editor-UnrealEd.dll!UnknownFunction []
[2023.04.04-20.55.32:657][  0]LogOutputDevice: Error: [Callstack] 0x00007ffd865591f3 UE4Editor-UnrealEd.dll!UnknownFunction []
[2023.04.04-20.55.32:657][  0]LogOutputDevice: Error: [Callstack] 0x00007ffd86d9f210 UE4Editor-UnrealEd.dll!UnknownFunction []
[2023.04.04-20.55.32:658][  0]LogOutputDevice: Error: [Callstack] 0x00007ff6d9cb2c2d UE4Editor.exe!UnknownFunction []
[2023.04.04-20.55.32:658][  0]LogOutputDevice: Error: [Callstack] 0x00007ffd86d6ca07 UE4Editor-UnrealEd.dll!UnknownFunction []
[2023.04.04-20.55.32:658][  0]LogOutputDevice: Error: [Callstack] 0x00007ff6d9ccc260 UE4Editor.exe!UnknownFunction []
[2023.04.04-20.55.32:658][  0]LogOutputDevice: Error: [Callstack] 0x00007ff6d9ccc4ca UE4Editor.exe!UnknownFunction []
[2023.04.04-20.55.32:658][  0]LogOutputDevice: Error: [Callstack] 0x00007ff6d9cdceae UE4Editor.exe!UnknownFunction []
[2023.04.04-20.55.32:658][  0]LogOutputDevice: Error: [Callstack] 0x00007ff6d9cdfcbe UE4Editor.exe!UnknownFunction []
[2023.04.04-20.55.32:658][  0]LogOutputDevice: Error: [Callstack] 0x00007ffe0fc57614 KERNEL32.DLL!UnknownFunction []
[2023.04.04-20.55.32:658][  0]LogOutputDevice: Error: [Callstack] 0x00007ffe112226a1 ntdll.dll!UnknownFunction []
[2023.04.04-20.55.32:658][  0]LogOutputDevice: Error: 
[2023.04.04-20.55.32:718][  0]LogStats:                SubmitErrorReport -  0.000 s
[2023.04.04-20.56.08:944][  0]LogStats:                    SendNewReport - 36.226 s
[2023.04.04-20.56.08:944][  0]LogStats:             FDebug::EnsureFailed - 47.822 s
[2023.04.04-20.56.09:006][  0]LogInit: Transaction tracking system initialized
[2023.04.04-20.56.09:018][  0]BlueprintLog: New page: Editor Load
[2023.04.04-20.56.09:056][  0]LocalizationService: Localization service is disabled
[2023.04.04-20.56.09:502][  0]LogFileCache: Scanning file cache for directory 'C:/Users/lex_i/OneDrive/Desktop/GAMERS/UR4blueprintsUDEMY/FirstpersonGame/firstpersongame/Content/' took 0.01s
[2023.04.04-20.56.09:502][  0]LogCook: Display: Max memory allowance for cook 16384mb min free memory 0mb
[2023.04.04-20.56.09:502][  0]LogCook: Display: Mobile HDR setting 1
[2023.04.04-20.56.10:374][  0]SourceControl: Source control is disabled
[2023.04.04-20.56.10:375][  0]Cmd: MAP LOAD FILE="../../../../../../Users/lex_i/OneDrive/Desktop/GAMERS/UR4blueprintsUDEMY/FirstpersonGame/firstpersongame/Content/FirstPersonBP/Maps/Zero.umap" TEMPLATE=0 SHOWPROGRESS=1 FEATURELEVEL=3
[2023.04.04-20.56.10:375][  0]LightingResults: New page: Lighting Build
[2023.04.04-20.56.10:376][  0]LogWorld: UWorld::CleanupWorld for Untitled, bSessionEnded=true, bCleanupResources=true
[2023.04.04-20.56.10:376][  0]LogSlate: InvalidateAllWidgets triggered.  All widgets were invalidated
[2023.04.04-20.56.10:376][  0]MapCheck: New page: Map Check
[2023.04.04-20.56.10:376][  0]LightingResults: New page: Lighting Build
[2023.04.04-20.56.10:406][  0]LogUObjectHash: Compacting FUObjectHashTables data took   2.29ms
[2023.04.04-20.56.10:441][  0]LogAIModule: Creating AISystem for world Zero
[2023.04.04-20.56.10:442][  0]LogEditorServer: Finished looking for orphan Actors (0.000 secs)
[2023.04.04-20.56.10:469][  0]LogUObjectHash: Compacting FUObjectHashTables data took   2.54ms
[2023.04.04-20.56.10:469][  0]Cmd: MAP CHECKDEP NOCLEARLOG
[2023.04.04-20.56.10:470][  0]MapCheck: Map check complete: 0 Error(s), 0 Warning(s), took 0.254ms to complete.
[2023.04.04-20.56.10:470][  0]LogFileHelpers: Loading map 'Zero' took 0.095
[2023.04.04-20.56.10:635][  0]LogSlate: Updating window title bar state: overlay mode, drag disabled, window buttons hidden, title bar hidden
[2023.04.04-20.56.10:645][  0]LogSlate: Updating window title bar state: overlay mode, drag disabled, window buttons hidden, title bar hidden
[2023.04.04-20.56.10:655][  0]LogSlate: Updating window title bar state: overlay mode, drag disabled, window buttons hidden, title bar hidden
[2023.04.04-20.56.10:669][  0]LogSlate: Updating window title bar state: overlay mode, drag disabled, window buttons hidden, title bar hidden
[2023.04.04-20.56.10:676][  0]LogCollectionManager: Loaded 0 collections in 0.002741 seconds
[2023.04.04-20.56.10:692][  0]LogFileCache: Scanning file cache for directory 'C:/Users/lex_i/OneDrive/Desktop/GAMERS/UR4blueprintsUDEMY/FirstpersonGame/firstpersongame/Saved/Collections/' took 0.00s
[2023.04.04-20.56.10:692][  0]LogFileCache: Scanning file cache for directory 'C:/Users/lex_i/OneDrive/Desktop/GAMERS/UR4blueprintsUDEMY/FirstpersonGame/firstpersongame/Content/Developers/lexi/Collections/' took 0.00s
[2023.04.04-20.56.10:692][  0]LogFileCache: Scanning file cache for directory 'C:/Users/lex_i/OneDrive/Desktop/GAMERS/UR4blueprintsUDEMY/FirstpersonGame/firstpersongame/Content/Collections/' took 0.00s
[2023.04.04-20.56.10:692][  0]LogContentBrowser: Native class hierarchy populated in 0.0112 seconds. Added 3015 classes and 717 folders.
[2023.04.04-20.56.10:695][  0]LogContentBrowser: Native class hierarchy updated for 'WidgetCarousel' in 0.0003 seconds. Added 0 classes and 0 folders.
[2023.04.04-20.56.13:254][  0]LogContentBrowser: Native class hierarchy updated for 'AddContentDialog' in 0.0009 seconds. Added 0 classes and 0 folders.
[2023.04.04-20.56.13:667][  0]LogContentBrowser: Native class hierarchy updated for 'SceneOutliner' in 0.0008 seconds. Added 2 classes and 3 folders.
[2023.04.04-20.56.16:221][  0]LogSlate: Took 0.047451 seconds to synchronously load lazily loaded font '../../../Engine/Content/Slate/Fonts/Roboto-Regular.ttf' (155K)
[2023.04.04-20.56.16:686][  0]LogSlate: Took 0.144529 seconds to synchronously load lazily loaded font '../../../Engine/Content/Slate/Fonts/Roboto-Bold.ttf' (160K)
[2023.04.04-20.56.17:099][  0]LogSlate: Took 0.241929 seconds to synchronously load lazily loaded font '../../../Engine/Content/Editor/Slate/Fonts/FontAwesome.ttf' (139K)
[2023.04.04-20.56.19:490][  0]LogRenderer: Reallocating scene render targets to support 1288x620 Format 10 NumSamples 1 (Frame:1).
[2023.04.04-20.56.20:778][  0]LogContentBrowser: Native class hierarchy updated for 'HierarchicalLODOutliner' in 0.0003 seconds. Added 0 classes and 0 folders.
[2023.04.04-20.56.20:778][  0]LogLoad: (Engine Initialization) Total time: 432.51 seconds
[2023.04.04-20.56.20:778][  0]LogLoad: (Engine Initialization) Total Blueprint compile time: 0.00 seconds
[2023.04.04-20.56.21:182][  0]LogContentStreaming: Texture pool size now 1000 MB
[2023.04.04-20.56.21:520][  0]LogSlate: Took 0.053295 seconds to synchronously load lazily loaded font '../../../Engine/Content/Slate/Fonts/Roboto-Light.ttf' (167K)
[2023.04.04-20.56.29:088][ 70]LogAssetRegistry: Asset discovery search completed in 290.7257 seconds
[2023.04.04-20.56.29:095][ 70]LogCollectionManager: Fixed up redirectors for 0 collections in 0.000018 seconds (updated 0 objects)
[2023.04.04-20.56.48:860][131]LogTemp: Repeating last play command: Selected Viewport
[2023.04.04-20.56.48:973][131]LogBlueprintUserMessages: Early PlayInEditor Detection: Level '/Game/FirstPersonBP/Maps/Zero.Zero:PersistentLevel' has LevelScriptBlueprint '/Game/FirstPersonBP/Maps/Zero.Zero:PersistentLevel.Zero' with GeneratedClass '/Game/FirstPersonBP/Maps/Zero.Zero_C' with ClassGeneratedBy '/Game/FirstPersonBP/Maps/Zero.Zero:PersistentLevel.Zero'
[2023.04.04-20.56.48:974][131]LogPlayLevel: PlayLevel: No blueprints needed recompiling
[2023.04.04-20.56.49:030][131]PIE: New page: PIE session: Zero (Apr 4, 2023, 2:56:48 PM)
[2023.04.04-20.56.49:067][131]LogOnline: OSS: Creating online subsystem instance for: NULL
[2023.04.04-20.56.49:084][131]LogOnline: OSS: TryLoadSubsystemAndSetDefault: Loaded subsystem for module [NULL]
[2023.04.04-20.56.49:085][131]LogPlayLevel: Creating play world package: /Game/FirstPersonBP/Maps/UEDPIE_0_Zero
[2023.04.04-20.56.49:113][131]LogPlayLevel: PIE: StaticDuplicateObject took: (0.018069s)
[2023.04.04-20.56.49:118][131]LogAIModule: Creating AISystem for world Zero
[2023.04.04-20.56.49:130][131]LogPlayLevel: PIE: World Init took: (0.016888s)
[2023.04.04-20.56.49:130][131]LogPlayLevel: PIE: Created PIE world by copying editor world from /Game/FirstPersonBP/Maps/Zero.Zero to /Game/FirstPersonBP/Maps/UEDPIE_0_Zero.Zero (0.044934s)
[2023.04.04-20.56.49:159][131]LogUObjectHash: Compacting FUObjectHashTables data took   1.76ms
[2023.04.04-20.56.49:162][131]LogAudioMixer: Display: Audio Mixer Platform Settings:
[2023.04.04-20.56.49:162][131]LogAudioMixer: Display: 	Sample Rate:						  48000
[2023.04.04-20.56.49:162][131]LogAudioMixer: Display: 	Callback Buffer Frame Size Requested: 1024
[2023.04.04-20.56.49:162][131]LogAudioMixer: Display: 	Callback Buffer Frame Size To Use:	  1024
[2023.04.04-20.56.49:162][131]LogAudioMixer: Display: 	Number of buffers to queue:			  2
[2023.04.04-20.56.49:162][131]LogAudioMixer: Display: 	Max Channels (voices):				  32
[2023.04.04-20.56.49:162][131]LogAudioMixer: Display: 	Number of Async Source Workers:		  0
[2023.04.04-20.56.49:162][131]LogAudio: Display: AudioDevice MaxSources: 32
[2023.04.04-20.56.49:163][131]LogAudio: Display: Using built-in audio occlusion.
[2023.04.04-20.56.49:163][131]LogAudioMixer: Display: Initializing audio mixer.
[2023.04.04-20.56.49:172][131]LogAudioMixer: Display: Audio Device Output Speaker Info:
[2023.04.04-20.56.49:172][131]LogAudioMixer: Display: Name: Alto-falantes (2- High Definition Audio Device)
[2023.04.04-20.56.49:172][131]LogAudioMixer: Display: Is Default: Yes
[2023.04.04-20.56.49:172][131]LogAudioMixer: Display: Sample Rate: 48000
[2023.04.04-20.56.49:172][131]LogAudioMixer: Display: Channel Count Used: 2
[2023.04.04-20.56.49:172][131]LogAudioMixer: Display: Device Channel Count: 2
[2023.04.04-20.56.49:172][131]LogAudioMixer: Display: Channel Order:
[2023.04.04-20.56.49:172][131]LogAudioMixer: Display: 0: FrontLeft
[2023.04.04-20.56.49:172][131]LogAudioMixer: Display: 1: FrontRight
[2023.04.04-20.56.49:243][131]LogAudioMixer: Display: Using Audio Device Alto-falantes (2- High Definition Audio Device)
[2023.04.04-20.56.49:245][131]LogInit: FAudioDevice initialized.
[2023.04.04-20.56.52:516][131]LogLoad: Game class is 'FirstPersonGameMode_C'
[2023.04.04-20.56.52:553][131]LogWorld: Bringing World /Game/FirstPersonBP/Maps/UEDPIE_0_Zero.Zero up for play (max tick rate 0) at 2023.04.04-17.56.52
[2023.04.04-20.56.52:571][131]LogWorld: Bringing up level for play took: 0.019064
[2023.04.04-20.56.52:571][131]LogOnline: OSS: Creating online subsystem instance for: :Context_1
[2023.04.04-20.56.52:913][131]LogContentBrowser: Native class hierarchy updated for 'MovieSceneCapture' in 0.0009 seconds. Added 20 classes and 0 folders.
[2023.04.04-20.56.53:345][131]PIE: Play in editor start time for /Game/FirstPersonBP/Maps/UEDPIE_0_Zero 4.811
[2023.04.04-20.56.53:346][131]LogBlueprintUserMessages: Late PlayInEditor Detection: Level '/Game/FirstPersonBP/Maps/Zero.Zero:PersistentLevel' has LevelScriptBlueprint '/Game/FirstPersonBP/Maps/Zero.Zero:PersistentLevel.Zero' with GeneratedClass '/Game/FirstPersonBP/Maps/Zero.Zero_C' with ClassGeneratedBy '/Game/FirstPersonBP/Maps/Zero.Zero:PersistentLevel.Zero'
[2023.04.04-20.56.53:510][131]LogAudio: Warning: Detected orphaned looping sound 'Starter_Music01'.
[2023.04.04-20.56.57:220][238]LogAudioMixer: Display: No commands were queued while flushing the source manager.
[2023.04.04-20.56.57:268][238]LogAudioMixer: Display: Flush succeeded in the source manager command queue (1).
[2023.04.04-20.56.57:288][238]LogAudioMixer: Display: Flush succeeded the source manager command queue (2).
[2023.04.04-20.56.57:288][238]LogBlueprintUserMessages: Early EndPlayMap Detection: Level '/Game/FirstPersonBP/Maps/Zero.Zero:PersistentLevel' has LevelScriptBlueprint '/Game/FirstPersonBP/Maps/Zero.Zero:PersistentLevel.Zero' with GeneratedClass '/Game/FirstPersonBP/Maps/Zero.Zero_C' with ClassGeneratedBy '/Game/FirstPersonBP/Maps/Zero.Zero:PersistentLevel.Zero'
[2023.04.04-20.56.57:298][238]LogSlate: Updating window title bar state: overlay mode, drag disabled, window buttons hidden, title bar hidden
[2023.04.04-20.56.57:299][238]LogWorld: BeginTearingDown for /Game/FirstPersonBP/Maps/UEDPIE_0_Zero
[2023.04.04-20.56.57:299][238]LogAudioMixer: Display: No commands were queued while flushing the source manager.
[2023.04.04-20.56.57:314][238]LogWorld: UWorld::CleanupWorld for Zero, bSessionEnded=true, bCleanupResources=true
[2023.04.04-20.56.57:314][238]LogSlate: InvalidateAllWidgets triggered.  All widgets were invalidated
[2023.04.04-20.56.57:323][238]LogPlayLevel: Display: Shutting down PIE online subsystems
[2023.04.04-20.56.57:324][238]LogBlueprintUserMessages: Late EndPlayMap Detection: Level '/Game/FirstPersonBP/Maps/Zero.Zero:PersistentLevel' has LevelScriptBlueprint '/Game/FirstPersonBP/Maps/Zero.Zero:PersistentLevel.Zero' with GeneratedClass '/Game/FirstPersonBP/Maps/Zero.Zero_C' with ClassGeneratedBy '/Game/FirstPersonBP/Maps/Zero.Zero:PersistentLevel.Zero'
[2023.04.04-20.56.57:327][238]LogSlate: InvalidateAllWidgets triggered.  All widgets were invalidated
[2023.04.04-20.56.57:367][238]LogAudioMixer: Display: No commands were queued while flushing the source manager.
[2023.04.04-20.56.57:371][238]LogSlate: Updating window title bar state: overlay mode, drag disabled, window buttons hidden, title bar hidden
[2023.04.04-20.56.57:407][238]LogUObjectHash: Compacting FUObjectHashTables data took   3.01ms
[2023.04.04-20.56.57:419][239]LogPlayLevel: Display: Destroying online subsystem :Context_1
[2023.04.04-20.57.21:108][492]LogEditorSessionSummary: Verbose: Initializing EditorSessionSummaryWriter for editor session tracking
[2023.04.04-20.57.21:111][492]LogEditorSessionSummary: EditorSessionSummaryWriter initialized
